Using pre-set license
Built from '2021.1/staging' branch; Version is '2021.1.6f1 (c0fade0cc7e9) revision 12647134'; Using compiler version '192528614'; Build Type 'Release'
OS: 'Windows 10 Pro; OS build 19045.2486; Version 2009; 64bit' Language: 'ru' Physical Memory: 7805 MB
BatchMode: 1, IsHumanControllingUs: 0, StartBugReporterOnCrash: 0, Is64bit: 1, IsPro: 0

 COMMAND LINE ARGUMENTS:
C:\Program Files\Unity 2021.1.6f1\Editor\Unity.exe
-adb2
-batchMode
-noUpm
-name
AssetImportWorker9
-projectPath
G:/Учеба/C#/Unity задачи/GAMESpaceWorld
-logFile
Logs/AssetImportWorker9.log
-srvPort
49914
Successfully changed project path to: G:/Учеба/C#/Unity задачи/GAMESpaceWorld
G:/Учеба/C#/Unity задачи/GAMESpaceWorld
Using Asset Import Pipeline V2.
Refreshing native plugins compatible for Editor in 2209.92 ms, found 1 plugins.
Preloading 0 native plugins for Editor in 0.00 ms.
Initialize engine version: 2021.1.6f1 (c0fade0cc7e9)
[Subsystems] Discovering subsystems at path C:/Program Files/Unity 2021.1.6f1/Editor/Data/Resources/UnitySubsystems
[Subsystems] Discovering subsystems at path G:/Учеба/C#/Unity задачи/GAMESpaceWorld/Assets
GfxDevice: creating device client; threaded=0; jobified=0
Direct3D:
    Version:  Direct3D 11.0 [level 11.0]
    Renderer: Intel(R) HD Graphics (ID=0x156)
    Vendor:   Intel
    VRAM:     128 MB
    Driver:   10.18.10.5161
Shader 'Custom/AdditiveTintable': fallback shader 'Particles/Additive (Soft)' not found
Initialize mono
Mono path[0] = 'C:/Program Files/Unity 2021.1.6f1/Editor/Data/Managed'
Mono path[1] = 'C:/Program Files/Unity 2021.1.6f1/Editor/Data/MonoBleedingEdge/lib/mono/unityjit'
Mono config path = 'C:/Program Files/Unity 2021.1.6f1/Editor/Data/MonoBleedingEdge/etc'
Using monoOptions --debugger-agent=transport=dt_socket,embedding=1,server=y,suspend=n,address=127.0.0.1:56068
Begin MonoManager ReloadAssembly
Registering precompiled unity dll's ...
Register platform support module: C:/Program Files/Unity 2021.1.6f1/Editor/Data/PlaybackEngines/WindowsStandaloneSupport/UnityEditor.WindowsStandalone.Extensions.dll
Registered in 0.013994 seconds.
Native extension for WindowsStandalone target not found
Refreshing native plugins compatible for Editor in 326.01 ms, found 1 plugins.
Preloading 0 native plugins for Editor in 0.00 ms.
Mono: successfully reloaded assembly
- Completed reload, in  5.453 seconds
Platform modules already initialized, skipping
Registering precompiled user dll's ...
Registered in 0.018008 seconds.
Begin MonoManager ReloadAssembly
Native extension for WindowsStandalone target not found
Refreshing native plugins compatible for Editor in 1.03 ms, found 1 plugins.
Preloading 0 native plugins for Editor in 0.00 ms.
Mono: successfully reloaded assembly
- Completed reload, in  3.050 seconds
Platform modules already initialized, skipping
========================================================================
Worker process is ready to serve import requests
Shader 'Custom/AdditiveTintable': fallback shader 'Particles/Additive (Soft)' not found
Launched and connected shader compiler UnityShaderCompiler.exe after 0.18 seconds
Refreshing native plugins compatible for Editor in 1.57 ms, found 1 plugins.
Preloading 0 native plugins for Editor in 0.00 ms.
Unloading 2699 Unused Serialized files (Serialized files now loaded: 0)
System memory in use before: 103.5 MB.
System memory in use after: 103.0 MB.

Unloading 18 unused Assets to reduce memory usage. Loaded Objects now: 3157.
Total: 6.224500 ms (FindLiveObjects: 0.392400 ms CreateObjectMapping: 0.363500 ms MarkObjects: 4.886300 ms  DeleteObjects: 0.578500 ms)

========================================================================
Received Import Request.
  path: Assets/Prefabs/Enemy.prefab
  artifactKey: Guid(a978330144bc6aa45ba486fe2fed45e5) Importer(815301076,1909f56bfc062723c751e8b465ee728b)
Start importing Assets/Prefabs/Enemy.prefab using Guid(a978330144bc6aa45ba486fe2fed45e5) Importer(815301076,1909f56bfc062723c751e8b465ee728b)  -> (artifact id: '6f76d6d2c6e9ada7a53f4ed3e2aad6df') in 0.478718 seconds 
========================================================================
Received Import Request.
  Time since last request: 6.338974 seconds.
  path: Assets/ScriptableObject/Enemy.cs
  artifactKey: Guid(c538e81ce40df054580b06dae4f3be8c) Importer(815301076,1909f56bfc062723c751e8b465ee728b)
Start importing Assets/ScriptableObject/Enemy.cs using Guid(c538e81ce40df054580b06dae4f3be8c) Importer(815301076,1909f56bfc062723c751e8b465ee728b)  -> (artifact id: '3bb9b3cb637d666f254f4136068f31b0') in 0.036412 seconds 
========================================================================
Received Prepare
Registering precompiled user dll's ...
Registered in 0.006166 seconds.
Begin MonoManager ReloadAssembly
Native extension for WindowsStandalone target not found
Refreshing native plugins compatible for Editor in 1.07 ms, found 1 plugins.
Preloading 0 native plugins for Editor in 0.00 ms.
Mono: successfully reloaded assembly
- Completed reload, in  7.234 seconds
Platform modules already initialized, skipping
Shader 'Custom/AdditiveTintable': fallback shader 'Particles/Additive (Soft)' not found
Refreshing native plugins compatible for Editor in 0.94 ms, found 1 plugins.
Preloading 0 native plugins for Editor in 0.00 ms.
Unloading 2690 Unused Serialized files (Serialized files now loaded: 0)
System memory in use before: 106.7 MB.
System memory in use after: 106.2 MB.

Unloading 13 unused Assets to reduce memory usage. Loaded Objects now: 3168.
Total: 7.969500 ms (FindLiveObjects: 2.151200 ms CreateObjectMapping: 1.936700 ms MarkObjects: 3.490600 ms  DeleteObjects: 0.387100 ms)

