Using pre-set license
Built from '2021.1/staging' branch; Version is '2021.1.6f1 (c0fade0cc7e9) revision 12647134'; Using compiler version '192528614'; Build Type 'Release'
OS: 'Windows 10 Pro; OS build 19045.2486; Version 2009; 64bit' Language: 'ru' Physical Memory: 7805 MB
BatchMode: 1, IsHumanControllingUs: 0, StartBugReporterOnCrash: 0, Is64bit: 1, IsPro: 0

 COMMAND LINE ARGUMENTS:
C:\Program Files\Unity 2021.1.6f1\Editor\Unity.exe
-adb2
-batchMode
-noUpm
-name
AssetImportWorker8
-projectPath
G:/Учеба/C#/Unity задачи/GAMESpaceWorld
-logFile
Logs/AssetImportWorker8.log
-srvPort
50002
Successfully changed project path to: G:/Учеба/C#/Unity задачи/GAMESpaceWorld
G:/Учеба/C#/Unity задачи/GAMESpaceWorld
Using Asset Import Pipeline V2.
Refreshing native plugins compatible for Editor in 412.31 ms, found 1 plugins.
Preloading 0 native plugins for Editor in 0.00 ms.
Initialize engine version: 2021.1.6f1 (c0fade0cc7e9)
[Subsystems] Discovering subsystems at path C:/Program Files/Unity 2021.1.6f1/Editor/Data/Resources/UnitySubsystems
[Subsystems] Discovering subsystems at path G:/Учеба/C#/Unity задачи/GAMESpaceWorld/Assets
GfxDevice: creating device client; threaded=0; jobified=0
Direct3D:
    Version:  Direct3D 11.0 [level 11.0]
    Renderer: Intel(R) HD Graphics (ID=0x156)
    Vendor:   Intel
    VRAM:     128 MB
    Driver:   10.18.10.5161
Shader 'Custom/AdditiveTintable': fallback shader 'Particles/Additive (Soft)' not found
Initialize mono
Mono path[0] = 'C:/Program Files/Unity 2021.1.6f1/Editor/Data/Managed'
Mono path[1] = 'C:/Program Files/Unity 2021.1.6f1/Editor/Data/MonoBleedingEdge/lib/mono/unityjit'
Mono config path = 'C:/Program Files/Unity 2021.1.6f1/Editor/Data/MonoBleedingEdge/etc'
Using monoOptions --debugger-agent=transport=dt_socket,embedding=1,server=y,suspend=n,address=127.0.0.1:56312
Begin MonoManager ReloadAssembly
Registering precompiled unity dll's ...
Register platform support module: C:/Program Files/Unity 2021.1.6f1/Editor/Data/PlaybackEngines/WindowsStandaloneSupport/UnityEditor.WindowsStandalone.Extensions.dll
Registered in 0.006606 seconds.
Native extension for WindowsStandalone target not found
Refreshing native plugins compatible for Editor in 366.65 ms, found 1 plugins.
Preloading 0 native plugins for Editor in 0.00 ms.
Mono: successfully reloaded assembly
- Completed reload, in  5.907 seconds
Platform modules already initialized, skipping
Registering precompiled user dll's ...
Registered in 0.048271 seconds.
Begin MonoManager ReloadAssembly
Native extension for WindowsStandalone target not found
Refreshing native plugins compatible for Editor in 0.88 ms, found 1 plugins.
Preloading 0 native plugins for Editor in 0.00 ms.
Mono: successfully reloaded assembly
- Completed reload, in  3.484 seconds
Platform modules already initialized, skipping
========================================================================
Worker process is ready to serve import requests
Shader 'Custom/AdditiveTintable': fallback shader 'Particles/Additive (Soft)' not found
Launched and connected shader compiler UnityShaderCompiler.exe after 0.17 seconds
Refreshing native plugins compatible for Editor in 0.93 ms, found 1 plugins.
Preloading 0 native plugins for Editor in 0.00 ms.
Unloading 2694 Unused Serialized files (Serialized files now loaded: 0)
System memory in use before: 103.1 MB.
System memory in use after: 102.5 MB.

Unloading 18 unused Assets to reduce memory usage. Loaded Objects now: 3149.
Total: 5.306900 ms (FindLiveObjects: 0.448400 ms CreateObjectMapping: 0.755400 ms MarkObjects: 3.667200 ms  DeleteObjects: 0.432800 ms)

========================================================================
Received Import Request.
  path: Assets/Heroes.unity
  artifactKey: Guid(c5c4901c586a3554b9ffa747102bdd25) Importer(815301076,1909f56bfc062723c751e8b465ee728b)
Start importing Assets/Heroes.unity using Guid(c5c4901c586a3554b9ffa747102bdd25) Importer(815301076,1909f56bfc062723c751e8b465ee728b)  -> (artifact id: '2f60b04ae51cc5839a5c5e15855ed122') in 0.044891 seconds 
========================================================================
Received Import Request.
  Time since last request: 219.842174 seconds.
  path: Assets/Heroes.unity
  artifactKey: Guid(c5c4901c586a3554b9ffa747102bdd25) Importer(815301076,1909f56bfc062723c751e8b465ee728b)
Start importing Assets/Heroes.unity using Guid(c5c4901c586a3554b9ffa747102bdd25) Importer(815301076,1909f56bfc062723c751e8b465ee728b)  -> (artifact id: '20a83a255f4019268739226f93d27932') in 0.110272 seconds 
========================================================================
Received Import Request.
  Time since last request: 0.608730 seconds.
  path: Assets/Game.unity
  artifactKey: Guid(37913800d43df0146b89afa30c90c472) Importer(815301076,1909f56bfc062723c751e8b465ee728b)
Start importing Assets/Game.unity using Guid(37913800d43df0146b89afa30c90c472) Importer(815301076,1909f56bfc062723c751e8b465ee728b)  -> (artifact id: '627d330e5b944c995b1915eb9c37ea1d') in 0.005510 seconds 
