Using pre-set license
Built from '2021.1/staging' branch; Version is '2021.1.6f1 (c0fade0cc7e9) revision 12647134'; Using compiler version '192528614'; Build Type 'Release'
OS: 'Windows 10 Pro; OS build 19045.2486; Version 2009; 64bit' Language: 'ru' Physical Memory: 7805 MB
BatchMode: 1, IsHumanControllingUs: 0, StartBugReporterOnCrash: 0, Is64bit: 1, IsPro: 0

 COMMAND LINE ARGUMENTS:
C:\Program Files\Unity 2021.1.6f1\Editor\Unity.exe
-adb2
-batchMode
-noUpm
-name
AssetImportWorker1
-projectPath
G:/Учеба/C#/Unity задачи/GAMESpaceWorld
-logFile
Logs/AssetImportWorker1.log
-srvPort
60527
Successfully changed project path to: G:/Учеба/C#/Unity задачи/GAMESpaceWorld
G:/Учеба/C#/Unity задачи/GAMESpaceWorld
Using Asset Import Pipeline V2.
Refreshing native plugins compatible for Editor in 344.05 ms, found 1 plugins.
Preloading 0 native plugins for Editor in 0.00 ms.
Initialize engine version: 2021.1.6f1 (c0fade0cc7e9)
[Subsystems] Discovering subsystems at path C:/Program Files/Unity 2021.1.6f1/Editor/Data/Resources/UnitySubsystems
[Subsystems] Discovering subsystems at path G:/Учеба/C#/Unity задачи/GAMESpaceWorld/Assets
GfxDevice: creating device client; threaded=0; jobified=0
Direct3D:
    Version:  Direct3D 11.0 [level 11.0]
    Renderer: Intel(R) HD Graphics (ID=0x156)
    Vendor:   Intel
    VRAM:     128 MB
    Driver:   10.18.10.5161
Shader 'Custom/AdditiveTintable': fallback shader 'Particles/Additive (Soft)' not found
Initialize mono
Mono path[0] = 'C:/Program Files/Unity 2021.1.6f1/Editor/Data/Managed'
Mono path[1] = 'C:/Program Files/Unity 2021.1.6f1/Editor/Data/MonoBleedingEdge/lib/mono/unityjit'
Mono config path = 'C:/Program Files/Unity 2021.1.6f1/Editor/Data/MonoBleedingEdge/etc'
Using monoOptions --debugger-agent=transport=dt_socket,embedding=1,server=y,suspend=n,address=127.0.0.1:56832
Begin MonoManager ReloadAssembly
Registering precompiled unity dll's ...
Register platform support module: C:/Program Files/Unity 2021.1.6f1/Editor/Data/PlaybackEngines/WindowsStandaloneSupport/UnityEditor.WindowsStandalone.Extensions.dll
Registered in 0.006352 seconds.
Native extension for WindowsStandalone target not found
Refreshing native plugins compatible for Editor in 186.53 ms, found 1 plugins.
Preloading 0 native plugins for Editor in 0.00 ms.
Mono: successfully reloaded assembly
- Completed reload, in  3.671 seconds
Platform modules already initialized, skipping
Registering precompiled user dll's ...
Registered in 0.011628 seconds.
Begin MonoManager ReloadAssembly
Native extension for WindowsStandalone target not found
Refreshing native plugins compatible for Editor in 0.82 ms, found 1 plugins.
Preloading 0 native plugins for Editor in 0.00 ms.
Mono: successfully reloaded assembly
- Completed reload, in  3.780 seconds
Platform modules already initialized, skipping
========================================================================
Worker process is ready to serve import requests
Shader 'Custom/AdditiveTintable': fallback shader 'Particles/Additive (Soft)' not found
Launched and connected shader compiler UnityShaderCompiler.exe after 0.27 seconds
Refreshing native plugins compatible for Editor in 0.81 ms, found 1 plugins.
Preloading 0 native plugins for Editor in 0.00 ms.
Unloading 2684 Unused Serialized files (Serialized files now loaded: 0)
System memory in use before: 102.7 MB.
System memory in use after: 102.1 MB.

Unloading 18 unused Assets to reduce memory usage. Loaded Objects now: 3138.
Total: 7.713900 ms (FindLiveObjects: 0.517000 ms CreateObjectMapping: 0.280800 ms MarkObjects: 6.470900 ms  DeleteObjects: 0.442200 ms)

========================================================================
Received Import Request.
  path: Assets/GUI_Parts/Gui_parts/lil_roundframe.png
  artifactKey: Guid(6188bc46fa818364281557e9bdc0e382) Importer(815301076,1909f56bfc062723c751e8b465ee728b)
Start importing Assets/GUI_Parts/Gui_parts/lil_roundframe.png using Guid(6188bc46fa818364281557e9bdc0e382) Importer(815301076,1909f56bfc062723c751e8b465ee728b)  -> (artifact id: '396a545f893c35f70b899bb25a67d482') in 0.996544 seconds 
========================================================================
Received Import Request.
  Time since last request: 0.000539 seconds.
  path: Assets/GUI_Parts/Gui_parts/Frame_mid.png
  artifactKey: Guid(d5bda4f272648f34c8020e4e2772de3f) Importer(815301076,1909f56bfc062723c751e8b465ee728b)
Start importing Assets/GUI_Parts/Gui_parts/Frame_mid.png using Guid(d5bda4f272648f34c8020e4e2772de3f) Importer(815301076,1909f56bfc062723c751e8b465ee728b)  -> (artifact id: '10369b5c8f411fb1cc8aba78939c8a8f') in 0.576345 seconds 
========================================================================
Received Import Request.
  Time since last request: 0.009640 seconds.
  path: Assets/GUI_Parts/Gui_parts/big_roundframe.png
  artifactKey: Guid(6403afd719acd2b4dbb0dfae7add33cb) Importer(815301076,1909f56bfc062723c751e8b465ee728b)
Start importing Assets/GUI_Parts/Gui_parts/big_roundframe.png using Guid(6403afd719acd2b4dbb0dfae7add33cb) Importer(815301076,1909f56bfc062723c751e8b465ee728b)  -> (artifact id: 'c76036a212a2240d813f5a4cfdcb0469') in 0.282968 seconds 
========================================================================
Received Import Request.
  Time since last request: 0.000659 seconds.
  path: Assets/GUI_Parts/Gui_parts/Hp_line.png
  artifactKey: Guid(4f8e653bf1c0b054680c13a05741c202) Importer(815301076,1909f56bfc062723c751e8b465ee728b)
Start importing Assets/GUI_Parts/Gui_parts/Hp_line.png using Guid(4f8e653bf1c0b054680c13a05741c202) Importer(815301076,1909f56bfc062723c751e8b465ee728b)  -> (artifact id: 'f7444a7588dad576587d88e1d56d3d50') in 0.060405 seconds 
========================================================================
Received Import Request.
  Time since last request: 0.000569 seconds.
  path: Assets/GUI_Parts/Gui_parts/warrior_silhouette_man.png
  artifactKey: Guid(cc8e2be9532fbc543af51c6932181466) Importer(815301076,1909f56bfc062723c751e8b465ee728b)
Start importing Assets/GUI_Parts/Gui_parts/warrior_silhouette_man.png using Guid(cc8e2be9532fbc543af51c6932181466) Importer(815301076,1909f56bfc062723c751e8b465ee728b)  -> (artifact id: '9d266c38ab25150ef3a38f0f77361c03') in 0.051114 seconds 
========================================================================
Received Import Request.
  Time since last request: 0.000499 seconds.
  path: Assets/GUI_Parts/Gui_parts/button_agree.png
  artifactKey: Guid(33cd3b491748050418115b4d3a0b6534) Importer(815301076,1909f56bfc062723c751e8b465ee728b)
Start importing Assets/GUI_Parts/Gui_parts/button_agree.png using Guid(33cd3b491748050418115b4d3a0b6534) Importer(815301076,1909f56bfc062723c751e8b465ee728b)  -> (artifact id: 'e9aba11ef53cf7495dd4d399054888b0') in 0.063699 seconds 
========================================================================
Received Import Request.
  Time since last request: 0.002221 seconds.
  path: Assets/GUI_Parts/Gui_parts/button_cancel.png
  artifactKey: Guid(f9619563aba8b7542abf0aabdc638afe) Importer(815301076,1909f56bfc062723c751e8b465ee728b)
Start importing Assets/GUI_Parts/Gui_parts/button_cancel.png using Guid(f9619563aba8b7542abf0aabdc638afe) Importer(815301076,1909f56bfc062723c751e8b465ee728b)  -> (artifact id: '2a6e522b501adb611bfdb8b8d6be303b') in 0.152220 seconds 
========================================================================
Received Import Request.
  Time since last request: 0.000676 seconds.
  path: Assets/GUI_Parts/Gui_parts/Mini_frame0.png
  artifactKey: Guid(4293f3f43e7a5524dbcb191b0ef09d9c) Importer(815301076,1909f56bfc062723c751e8b465ee728b)
Start importing Assets/GUI_Parts/Gui_parts/Mini_frame0.png using Guid(4293f3f43e7a5524dbcb191b0ef09d9c) Importer(815301076,1909f56bfc062723c751e8b465ee728b)  -> (artifact id: 'fea6d1466ac25a9eb816428772b2963a') in 0.077636 seconds 
========================================================================
Received Import Request.
  Time since last request: 1.500547 seconds.
  path: Assets/GUI_Parts/Gui_parts/warrior_silhouette_woman.png
  artifactKey: Guid(acf24f91ea86d2140b7efa39f2011f06) Importer(815301076,1909f56bfc062723c751e8b465ee728b)
Start importing Assets/GUI_Parts/Gui_parts/warrior_silhouette_woman.png using Guid(acf24f91ea86d2140b7efa39f2011f06) Importer(815301076,1909f56bfc062723c751e8b465ee728b)  -> (artifact id: 'dc133b241e23791c7a5a62b50aec1829') in 0.050134 seconds 
========================================================================
Received Import Request.
  Time since last request: 0.000559 seconds.
  path: Assets/GUI_Parts/Gui_parts/lil_roundframe_ready2.png
  artifactKey: Guid(f507f03eb80bcbf49bb458bd6a54bd9a) Importer(815301076,1909f56bfc062723c751e8b465ee728b)
Start importing Assets/GUI_Parts/Gui_parts/lil_roundframe_ready2.png using Guid(f507f03eb80bcbf49bb458bd6a54bd9a) Importer(815301076,1909f56bfc062723c751e8b465ee728b)  -> (artifact id: 'e1237a407cb8d91c5b8c9326416ab0ba') in 0.049499 seconds 
========================================================================
Received Import Request.
  Time since last request: 0.001366 seconds.
  path: Assets/GUI_Parts/Gui_parts/Mini_frame1.png
  artifactKey: Guid(9a38d34966735d24e9cda5ecb0a183bc) Importer(815301076,1909f56bfc062723c751e8b465ee728b)
Start importing Assets/GUI_Parts/Gui_parts/Mini_frame1.png using Guid(9a38d34966735d24e9cda5ecb0a183bc) Importer(815301076,1909f56bfc062723c751e8b465ee728b)  -> (artifact id: '6de293a050822602338f09037354ee56') in 0.051223 seconds 
========================================================================
Received Import Request.
  Time since last request: 0.006757 seconds.
  path: Assets/GUI_Parts/Gui_parts/name_bar2.png
  artifactKey: Guid(e4c261293bfe98f4fa9d9591373bc443) Importer(815301076,1909f56bfc062723c751e8b465ee728b)
Start importing Assets/GUI_Parts/Gui_parts/name_bar2.png using Guid(e4c261293bfe98f4fa9d9591373bc443) Importer(815301076,1909f56bfc062723c751e8b465ee728b)  -> (artifact id: '8fce5bcbd631ccc8223c9ad3c4bfc616') in 0.295860 seconds 
========================================================================
Received Import Request.
  Time since last request: 0.000485 seconds.
  path: Assets/GUI_Parts/Gui_parts/button_frame.png
  artifactKey: Guid(7364a4590b0bc38428e39dd6dc8e7a65) Importer(815301076,1909f56bfc062723c751e8b465ee728b)
Start importing Assets/GUI_Parts/Gui_parts/button_frame.png using Guid(7364a4590b0bc38428e39dd6dc8e7a65) Importer(815301076,1909f56bfc062723c751e8b465ee728b)  -> (artifact id: '548721a9763de092fdf48a2dcc6166a6') in 0.133580 seconds 
========================================================================
Received Import Request.
  Time since last request: 0.000849 seconds.
  path: Assets/GUI_Parts/Gui_parts/Frame_big.png
  artifactKey: Guid(c430351465fe1fc42a6bef5878a08253) Importer(815301076,1909f56bfc062723c751e8b465ee728b)
Start importing Assets/GUI_Parts/Gui_parts/Frame_big.png using Guid(c430351465fe1fc42a6bef5878a08253) Importer(815301076,1909f56bfc062723c751e8b465ee728b)  -> (artifact id: '5152000b9ee5ce52f6d4b0a281dcd0fd') in 0.164860 seconds 
========================================================================
Received Import Request.
  Time since last request: 0.001422 seconds.
  path: Assets/GUI_Parts/Gui_parts/Mini_background.png
  artifactKey: Guid(4f033cdd2b09f9a43b139729d09d002c) Importer(815301076,1909f56bfc062723c751e8b465ee728b)
Start importing Assets/GUI_Parts/Gui_parts/Mini_background.png using Guid(4f033cdd2b09f9a43b139729d09d002c) Importer(815301076,1909f56bfc062723c751e8b465ee728b)  -> (artifact id: '3eecc47d57a3283697b39cd0cfc8abf0') in 0.082385 seconds 
========================================================================
Received Import Request.
  Time since last request: 0.013773 seconds.
  path: Assets/GUI_Parts/Gui_parts/mid_background.png
  artifactKey: Guid(f203f165ae401fe46ada0ed50d07149c) Importer(815301076,1909f56bfc062723c751e8b465ee728b)
Start importing Assets/GUI_Parts/Gui_parts/mid_background.png using Guid(f203f165ae401fe46ada0ed50d07149c) Importer(815301076,1909f56bfc062723c751e8b465ee728b)  -> (artifact id: '3672cdfe72408742bb92ad56b6668a73') in 0.074844 seconds 
========================================================================
Received Import Request.
  Time since last request: 0.012062 seconds.
  path: Assets/GUI_Parts/Gui_parts/button2_ready_on.png
  artifactKey: Guid(6b8728d20b5d4c540b335c3789517218) Importer(815301076,1909f56bfc062723c751e8b465ee728b)
Start importing Assets/GUI_Parts/Gui_parts/button2_ready_on.png using Guid(6b8728d20b5d4c540b335c3789517218) Importer(815301076,1909f56bfc062723c751e8b465ee728b)  -> (artifact id: 'ff3283f0933d5d26952511b62fa4dadf') in 0.048286 seconds 
========================================================================
Received Import Request.
  Time since last request: 0.000509 seconds.
  path: Assets/GUI_Parts/Gui_parts/name_bar.png
  artifactKey: Guid(7491a4e8767295b409ec7ee0eed9d694) Importer(815301076,1909f56bfc062723c751e8b465ee728b)
Start importing Assets/GUI_Parts/Gui_parts/name_bar.png using Guid(7491a4e8767295b409ec7ee0eed9d694) Importer(815301076,1909f56bfc062723c751e8b465ee728b)  -> (artifact id: '68350f3a48508eecea7a97d9cb1f0ae2') in 0.034417 seconds 
========================================================================
Received Import Request.
  Time since last request: 0.000466 seconds.
  path: Assets/GUI_Parts/Gui_parts/name_bar3.png
  artifactKey: Guid(12eaceb7341922b4398ff20c8bbcff90) Importer(815301076,1909f56bfc062723c751e8b465ee728b)
Start importing Assets/GUI_Parts/Gui_parts/name_bar3.png using Guid(12eaceb7341922b4398ff20c8bbcff90) Importer(815301076,1909f56bfc062723c751e8b465ee728b)  -> (artifact id: 'faea35f1d256fa05b5040b20fa4f5e04') in 0.266629 seconds 
========================================================================
Received Import Request.
  Time since last request: 0.000755 seconds.
  path: Assets/GUI_Parts/Gui_parts/button3_ready.png
  artifactKey: Guid(5659b073e19871d4da7394b6456da365) Importer(815301076,1909f56bfc062723c751e8b465ee728b)
Start importing Assets/GUI_Parts/Gui_parts/button3_ready.png using Guid(5659b073e19871d4da7394b6456da365) Importer(815301076,1909f56bfc062723c751e8b465ee728b)  -> (artifact id: '12472bf2e344692b8e7031664fe6be6e') in 0.188846 seconds 
========================================================================
Received Import Request.
  Time since last request: 0.001862 seconds.
  path: Assets/GUI_Parts/Gui_parts/Hp_frame.png
  artifactKey: Guid(9d5f6625b0b035841a1153f7e5466a94) Importer(815301076,1909f56bfc062723c751e8b465ee728b)
Start importing Assets/GUI_Parts/Gui_parts/Hp_frame.png using Guid(9d5f6625b0b035841a1153f7e5466a94) Importer(815301076,1909f56bfc062723c751e8b465ee728b)  -> (artifact id: 'a3705aa2751c5f8c1ffbf240410e6ecb') in 0.264520 seconds 
========================================================================
Received Import Request.
  Time since last request: 0.000882 seconds.
  path: Assets/GUI_Parts/Gui_parts/lil_roundbackground.png
  artifactKey: Guid(ed5c91c32b9b0af4e851c25c03211f16) Importer(815301076,1909f56bfc062723c751e8b465ee728b)
Start importing Assets/GUI_Parts/Gui_parts/lil_roundbackground.png using Guid(ed5c91c32b9b0af4e851c25c03211f16) Importer(815301076,1909f56bfc062723c751e8b465ee728b)  -> (artifact id: 'a0f0ab75b890ed4257878333be1fad69') in 0.246684 seconds 
========================================================================
Received Import Request.
  Time since last request: 0.000469 seconds.
  path: Assets/GUI_Parts/Gui_parts/Frame_mid_2.png
  artifactKey: Guid(9b886b001545f4f4798d6e3b78a3cfa2) Importer(815301076,1909f56bfc062723c751e8b465ee728b)
Start importing Assets/GUI_Parts/Gui_parts/Frame_mid_2.png using Guid(9b886b001545f4f4798d6e3b78a3cfa2) Importer(815301076,1909f56bfc062723c751e8b465ee728b)  -> (artifact id: '3d422bdc5309eb9f846d2beec3467691') in 0.050281 seconds 
========================================================================
Received Import Request.
  Time since last request: 0.000479 seconds.
  path: Assets/GUI_Parts/Gui_parts/barmid_ready.png
  artifactKey: Guid(f7f681cd213d9a7488500ce745f2d4f8) Importer(815301076,1909f56bfc062723c751e8b465ee728b)
Start importing Assets/GUI_Parts/Gui_parts/barmid_ready.png using Guid(f7f681cd213d9a7488500ce745f2d4f8) Importer(815301076,1909f56bfc062723c751e8b465ee728b)  -> (artifact id: '3b4c847df74c8a03ecf67362a76ddd5b') in 0.051115 seconds 
========================================================================
Received Import Request.
  Time since last request: 0.000761 seconds.
  path: Assets/GUI_Parts/Gui_parts/button2.png
  artifactKey: Guid(711fb7a2b8e1ff54da609e52c3e729b8) Importer(815301076,1909f56bfc062723c751e8b465ee728b)
Start importing Assets/GUI_Parts/Gui_parts/button2.png using Guid(711fb7a2b8e1ff54da609e52c3e729b8) Importer(815301076,1909f56bfc062723c751e8b465ee728b)  -> (artifact id: 'bcd86521f29991a5fbf8881a6690b04c') in 0.130027 seconds 
========================================================================
Received Import Request.
  Time since last request: 0.000677 seconds.
  path: Assets/GUI_Parts/Gui_parts/Mini_frame2.png
  artifactKey: Guid(6a05953725450a442897308eb7564337) Importer(815301076,1909f56bfc062723c751e8b465ee728b)
Start importing Assets/GUI_Parts/Gui_parts/Mini_frame2.png using Guid(6a05953725450a442897308eb7564337) Importer(815301076,1909f56bfc062723c751e8b465ee728b)  -> (artifact id: 'b152e4a9f200705929913f12a0536b49') in 0.282465 seconds 
========================================================================
Received Import Request.
  Time since last request: 0.000468 seconds.
  path: Assets/GUI_Parts/Gui_parts/button.png
  artifactKey: Guid(485cd2ab0486a8e4aaa55e94ec27c6b6) Importer(815301076,1909f56bfc062723c751e8b465ee728b)
Start importing Assets/GUI_Parts/Gui_parts/button.png using Guid(485cd2ab0486a8e4aaa55e94ec27c6b6) Importer(815301076,1909f56bfc062723c751e8b465ee728b)  -> (artifact id: '06bbb14c7ef51cd9765045835662199b') in 0.034448 seconds 
========================================================================
Received Import Request.
  Time since last request: 0.097585 seconds.
  path: Assets/GUI_Parts/Gui_parts/button_ready_off.png
  artifactKey: Guid(a2e2a83536d4eef45ace93d156eab562) Importer(815301076,1909f56bfc062723c751e8b465ee728b)
Start importing Assets/GUI_Parts/Gui_parts/button_ready_off.png using Guid(a2e2a83536d4eef45ace93d156eab562) Importer(815301076,1909f56bfc062723c751e8b465ee728b)  -> (artifact id: 'cf99187a7389bc671b1403e7f5d35db8') in 0.046906 seconds 
========================================================================
Received Import Request.
  Time since last request: 0.000706 seconds.
  path: Assets/GUI_Parts/Gui_parts/lil_roundframe_ready.png
  artifactKey: Guid(76a827c0b7b700d4fa9e135b970a64b1) Importer(815301076,1909f56bfc062723c751e8b465ee728b)
Start importing Assets/GUI_Parts/Gui_parts/lil_roundframe_ready.png using Guid(76a827c0b7b700d4fa9e135b970a64b1) Importer(815301076,1909f56bfc062723c751e8b465ee728b)  -> (artifact id: '773d288e1597728050e248b44f5579d3') in 0.328606 seconds 
========================================================================
Received Import Request.
  Time since last request: 0.000660 seconds.
  path: Assets/GUI_Parts/Gui_parts/bar_ready.png
  artifactKey: Guid(c241e847af767d148b898393a975bb22) Importer(815301076,1909f56bfc062723c751e8b465ee728b)
Start importing Assets/GUI_Parts/Gui_parts/bar_ready.png using Guid(c241e847af767d148b898393a975bb22) Importer(815301076,1909f56bfc062723c751e8b465ee728b)  -> (artifact id: 'f0925b2cb1980a3606f6ed6c48ad84ee') in 0.326353 seconds 
========================================================================
Received Import Request.
  Time since last request: 0.000497 seconds.
  path: Assets/GUI_Parts/Gui_parts/big_background.png
  artifactKey: Guid(4edbc5539b441f049966c07e2ba12186) Importer(815301076,1909f56bfc062723c751e8b465ee728b)
Start importing Assets/GUI_Parts/Gui_parts/big_background.png using Guid(4edbc5539b441f049966c07e2ba12186) Importer(815301076,1909f56bfc062723c751e8b465ee728b)  -> (artifact id: '634232e283af0ecdda1a3dea0764c39b') in 0.175132 seconds 
========================================================================
Received Import Request.
  Time since last request: 0.086614 seconds.
  path: Assets/GUI_Parts/Gui_parts/button_ready_on.png
  artifactKey: Guid(c9006339b2156b142934eac2999ef67c) Importer(815301076,1909f56bfc062723c751e8b465ee728b)
Start importing Assets/GUI_Parts/Gui_parts/button_ready_on.png using Guid(c9006339b2156b142934eac2999ef67c) Importer(815301076,1909f56bfc062723c751e8b465ee728b)  -> (artifact id: 'a7f6b03e29615c86493422b9e4ebeec5') in 0.243155 seconds 
========================================================================
Received Import Request.
  Time since last request: 0.000898 seconds.
  path: Assets/GUI_Parts/Gui_parts/button2_ready_off.png
  artifactKey: Guid(4b3d2095baccc2041b973b66b786b9d0) Importer(815301076,1909f56bfc062723c751e8b465ee728b)
Start importing Assets/GUI_Parts/Gui_parts/button2_ready_off.png using Guid(4b3d2095baccc2041b973b66b786b9d0) Importer(815301076,1909f56bfc062723c751e8b465ee728b)  -> (artifact id: '61e721b443d0030e22bd6e742f64ed00') in 0.039308 seconds 
