Using pre-set license
Built from '2021.1/staging' branch; Version is '2021.1.6f1 (c0fade0cc7e9) revision 12647134'; Using compiler version '192528614'; Build Type 'Release'
OS: 'Windows 10 Pro; OS build 19045.2486; Version 2009; 64bit' Language: 'ru' Physical Memory: 7805 MB
BatchMode: 1, IsHumanControllingUs: 0, StartBugReporterOnCrash: 0, Is64bit: 1, IsPro: 0

 COMMAND LINE ARGUMENTS:
C:\Program Files\Unity 2021.1.6f1\Editor\Unity.exe
-adb2
-batchMode
-noUpm
-name
AssetImportWorker0
-projectPath
G:/Учеба/C#/Unity задачи/GAMESpaceWorld
-logFile
Logs/AssetImportWorker0.log
-srvPort
59204
Successfully changed project path to: G:/Учеба/C#/Unity задачи/GAMESpaceWorld
G:/Учеба/C#/Unity задачи/GAMESpaceWorld
Using Asset Import Pipeline V2.
Refreshing native plugins compatible for Editor in 396.83 ms, found 1 plugins.
Preloading 0 native plugins for Editor in 0.00 ms.
Initialize engine version: 2021.1.6f1 (c0fade0cc7e9)
[Subsystems] Discovering subsystems at path C:/Program Files/Unity 2021.1.6f1/Editor/Data/Resources/UnitySubsystems
[Subsystems] Discovering subsystems at path G:/Учеба/C#/Unity задачи/GAMESpaceWorld/Assets
GfxDevice: creating device client; threaded=0; jobified=0
Direct3D:
    Version:  Direct3D 11.0 [level 11.0]
    Renderer: Intel(R) HD Graphics (ID=0x156)
    Vendor:   Intel
    VRAM:     128 MB
    Driver:   10.18.10.5161
Shader 'Custom/AdditiveTintable': fallback shader 'Particles/Additive (Soft)' not found
Initialize mono
Mono path[0] = 'C:/Program Files/Unity 2021.1.6f1/Editor/Data/Managed'
Mono path[1] = 'C:/Program Files/Unity 2021.1.6f1/Editor/Data/MonoBleedingEdge/lib/mono/unityjit'
Mono config path = 'C:/Program Files/Unity 2021.1.6f1/Editor/Data/MonoBleedingEdge/etc'
Using monoOptions --debugger-agent=transport=dt_socket,embedding=1,server=y,suspend=n,address=127.0.0.1:56868
Begin MonoManager ReloadAssembly
Registering precompiled unity dll's ...
Register platform support module: C:/Program Files/Unity 2021.1.6f1/Editor/Data/PlaybackEngines/WindowsStandaloneSupport/UnityEditor.WindowsStandalone.Extensions.dll
Registered in 0.009513 seconds.
Native extension for WindowsStandalone target not found
Refreshing native plugins compatible for Editor in 335.58 ms, found 1 plugins.
Preloading 0 native plugins for Editor in 0.00 ms.
Mono: successfully reloaded assembly
- Completed reload, in  4.972 seconds
Platform modules already initialized, skipping
Registering precompiled user dll's ...
Registered in 0.022805 seconds.
Begin MonoManager ReloadAssembly
Native extension for WindowsStandalone target not found
Refreshing native plugins compatible for Editor in 0.99 ms, found 1 plugins.
Preloading 0 native plugins for Editor in 0.00 ms.
Mono: successfully reloaded assembly
- Completed reload, in  5.086 seconds
Platform modules already initialized, skipping
========================================================================
Worker process is ready to serve import requests
Shader 'Custom/AdditiveTintable': fallback shader 'Particles/Additive (Soft)' not found
Launched and connected shader compiler UnityShaderCompiler.exe after 0.26 seconds
Refreshing native plugins compatible for Editor in 0.89 ms, found 1 plugins.
Preloading 0 native plugins for Editor in 0.00 ms.
Unloading 2685 Unused Serialized files (Serialized files now loaded: 0)
System memory in use before: 103.3 MB.
System memory in use after: 102.7 MB.

Unloading 18 unused Assets to reduce memory usage. Loaded Objects now: 3139.
Total: 13.077400 ms (FindLiveObjects: 0.426700 ms CreateObjectMapping: 0.375500 ms MarkObjects: 11.260600 ms  DeleteObjects: 1.011300 ms)

========================================================================
Received Import Request.
  path: Assets/Textures/FX
  artifactKey: Guid(e06ebd5b0cbc8a442abfd99356226850) Importer(815301076,1909f56bfc062723c751e8b465ee728b)
Start importing Assets/Textures/FX using Guid(e06ebd5b0cbc8a442abfd99356226850) Importer(815301076,1909f56bfc062723c751e8b465ee728b)  -> (artifact id: '283a5f336ce34f2ba52cd097c3c5713e') in 0.047211 seconds 
========================================================================
Received Import Request.
  Time since last request: 0.000452 seconds.
  path: Assets/Textures/FX/Thruster - Glow.png
  artifactKey: Guid(9fd0803556af44591a2d3be1bd49a003) Importer(815301076,1909f56bfc062723c751e8b465ee728b)
Start importing Assets/Textures/FX/Thruster - Glow.png using Guid(9fd0803556af44591a2d3be1bd49a003) Importer(815301076,1909f56bfc062723c751e8b465ee728b)  -> (artifact id: '6c590c487f48c43b0e8f28b135a923f3') in 0.309655 seconds 
========================================================================
Received Import Request.
  Time since last request: 0.000421 seconds.
  path: Assets/Textures/FX/Thruster - Maneuver.tga
  artifactKey: Guid(51d4863c72b485643b36bed83172bded) Importer(815301076,1909f56bfc062723c751e8b465ee728b)
Start importing Assets/Textures/FX/Thruster - Maneuver.tga using Guid(51d4863c72b485643b36bed83172bded) Importer(815301076,1909f56bfc062723c751e8b465ee728b)  -> (artifact id: '5c75d21f4631f809bbb862ec6a01d809') in 0.098190 seconds 
========================================================================
Received Import Request.
  Time since last request: 0.000447 seconds.
  path: Assets/Textures/FX/Thruster - Exhaust.psd
  artifactKey: Guid(01c076476afe04100adbd59a58e337eb) Importer(815301076,1909f56bfc062723c751e8b465ee728b)
Start importing Assets/Textures/FX/Thruster - Exhaust.psd using Guid(01c076476afe04100adbd59a58e337eb) Importer(815301076,1909f56bfc062723c751e8b465ee728b)  -> (artifact id: '9551098dcf085a2c708683512477b5e1') in 0.145651 seconds 
========================================================================
Received Import Request.
  Time since last request: 26525.714236 seconds.
  path: Assets/Music
  artifactKey: Guid(4c46bb3cd97794a47a0f25e50455d19a) Importer(815301076,1909f56bfc062723c751e8b465ee728b)
Start importing Assets/Music using Guid(4c46bb3cd97794a47a0f25e50455d19a) Importer(815301076,1909f56bfc062723c751e8b465ee728b)  -> (artifact id: 'c3b1351da563ae6c8507edef8eefc7f9') in 0.014243 seconds 
========================================================================
Received Import Request.
  Time since last request: 143.604697 seconds.
  path: Assets/starry-night-sky.jpg
  artifactKey: Guid(2fe96fca2637a2047b303f2d566aafee) Importer(815301076,1909f56bfc062723c751e8b465ee728b)
Start importing Assets/starry-night-sky.jpg using Guid(2fe96fca2637a2047b303f2d566aafee) Importer(815301076,1909f56bfc062723c751e8b465ee728b)  -> (artifact id: '0f564463d9842206f044e15324dd9b44') in 0.140512 seconds 
