Using pre-set license
Built from '2021.1/staging' branch; Version is '2021.1.6f1 (c0fade0cc7e9) revision 12647134'; Using compiler version '192528614'; Build Type 'Release'
OS: 'Windows 10 Pro; OS build 19045.2486; Version 2009; 64bit' Language: 'ru' Physical Memory: 7805 MB
BatchMode: 1, IsHumanControllingUs: 0, StartBugReporterOnCrash: 0, Is64bit: 1, IsPro: 0

 COMMAND LINE ARGUMENTS:
C:\Program Files\Unity 2021.1.6f1\Editor\Unity.exe
-adb2
-batchMode
-noUpm
-name
AssetImportWorker2
-projectPath
G:/Учеба/C#/Unity задачи/GAMESpaceWorld
-logFile
Logs/AssetImportWorker2.log
-srvPort
50235
Successfully changed project path to: G:/Учеба/C#/Unity задачи/GAMESpaceWorld
G:/Учеба/C#/Unity задачи/GAMESpaceWorld
Using Asset Import Pipeline V2.
Refreshing native plugins compatible for Editor in 169.55 ms, found 1 plugins.
Preloading 0 native plugins for Editor in 0.00 ms.
Initialize engine version: 2021.1.6f1 (c0fade0cc7e9)
[Subsystems] Discovering subsystems at path C:/Program Files/Unity 2021.1.6f1/Editor/Data/Resources/UnitySubsystems
[Subsystems] Discovering subsystems at path G:/Учеба/C#/Unity задачи/GAMESpaceWorld/Assets
GfxDevice: creating device client; threaded=0; jobified=0
Direct3D:
    Version:  Direct3D 11.0 [level 11.0]
    Renderer: Intel(R) HD Graphics (ID=0x156)
    Vendor:   Intel
    VRAM:     128 MB
    Driver:   10.18.10.5161
Shader 'Custom/AdditiveTintable': fallback shader 'Particles/Additive (Soft)' not found
Initialize mono
Mono path[0] = 'C:/Program Files/Unity 2021.1.6f1/Editor/Data/Managed'
Mono path[1] = 'C:/Program Files/Unity 2021.1.6f1/Editor/Data/MonoBleedingEdge/lib/mono/unityjit'
Mono config path = 'C:/Program Files/Unity 2021.1.6f1/Editor/Data/MonoBleedingEdge/etc'
Using monoOptions --debugger-agent=transport=dt_socket,embedding=1,server=y,suspend=n,address=127.0.0.1:56648
Begin MonoManager ReloadAssembly
Registering precompiled unity dll's ...
Register platform support module: C:/Program Files/Unity 2021.1.6f1/Editor/Data/PlaybackEngines/WindowsStandaloneSupport/UnityEditor.WindowsStandalone.Extensions.dll
Registered in 0.005818 seconds.
Native extension for WindowsStandalone target not found
Refreshing native plugins compatible for Editor in 167.96 ms, found 1 plugins.
Preloading 0 native plugins for Editor in 0.00 ms.
Mono: successfully reloaded assembly
- Completed reload, in  2.332 seconds
Platform modules already initialized, skipping
Registering precompiled user dll's ...
Registered in 0.006724 seconds.
Begin MonoManager ReloadAssembly
Native extension for WindowsStandalone target not found
Refreshing native plugins compatible for Editor in 0.84 ms, found 1 plugins.
Preloading 0 native plugins for Editor in 0.00 ms.
Mono: successfully reloaded assembly
- Completed reload, in  2.180 seconds
Platform modules already initialized, skipping
========================================================================
Worker process is ready to serve import requests
Shader 'Custom/AdditiveTintable': fallback shader 'Particles/Additive (Soft)' not found
Launched and connected shader compiler UnityShaderCompiler.exe after 0.11 seconds
Refreshing native plugins compatible for Editor in 0.84 ms, found 1 plugins.
Preloading 0 native plugins for Editor in 0.00 ms.
Unloading 2701 Unused Serialized files (Serialized files now loaded: 0)
System memory in use before: 103.5 MB.
System memory in use after: 103.0 MB.

Unloading 18 unused Assets to reduce memory usage. Loaded Objects now: 3159.
Total: 4.245600 ms (FindLiveObjects: 0.364400 ms CreateObjectMapping: 0.318500 ms MarkObjects: 3.103700 ms  DeleteObjects: 0.441500 ms)

========================================================================
Received Import Request.
  path: Assets/ScriptableObject/HealthManagerEnemy.cs
  artifactKey: Guid(e2b4238a3eb797241b103baa8ef57405) Importer(815301076,1909f56bfc062723c751e8b465ee728b)
Start importing Assets/ScriptableObject/HealthManagerEnemy.cs using Guid(e2b4238a3eb797241b103baa8ef57405) Importer(815301076,1909f56bfc062723c751e8b465ee728b)  -> (artifact id: '9d531a63ba83cb7419bc5c873b68f0fd') in 0.055809 seconds 
========================================================================
Received Prepare
Registering precompiled user dll's ...
Registered in 0.027501 seconds.
Begin MonoManager ReloadAssembly
Native extension for WindowsStandalone target not found
Refreshing native plugins compatible for Editor in 0.97 ms, found 1 plugins.
Preloading 0 native plugins for Editor in 0.00 ms.
Mono: successfully reloaded assembly
- Completed reload, in  2.401 seconds
Platform modules already initialized, skipping
Shader 'Custom/AdditiveTintable': fallback shader 'Particles/Additive (Soft)' not found
Refreshing native plugins compatible for Editor in 2.93 ms, found 1 plugins.
Preloading 0 native plugins for Editor in 0.00 ms.
Unloading 2691 Unused Serialized files (Serialized files now loaded: 0)
System memory in use before: 103.0 MB.
System memory in use after: 102.5 MB.

Unloading 13 unused Assets to reduce memory usage. Loaded Objects now: 3162.
Total: 7.351600 ms (FindLiveObjects: 0.300800 ms CreateObjectMapping: 0.187900 ms MarkObjects: 6.401300 ms  DeleteObjects: 0.458600 ms)

========================================================================
Received Import Request.
  Time since last request: 13175.382228 seconds.
  path: Assets/ScriptableObject/HealthManagerEnemy.cs
  artifactKey: Guid(e2b4238a3eb797241b103baa8ef57405) Importer(815301076,1909f56bfc062723c751e8b465ee728b)
Start importing Assets/ScriptableObject/HealthManagerEnemy.cs using Guid(e2b4238a3eb797241b103baa8ef57405) Importer(815301076,1909f56bfc062723c751e8b465ee728b)  -> (artifact id: '1e607083b381e4ddc62dfd1955aa8492') in 0.050594 seconds 
========================================================================
Received Prepare
Registering precompiled user dll's ...
Registered in 0.024842 seconds.
Begin MonoManager ReloadAssembly
Native extension for WindowsStandalone target not found
Refreshing native plugins compatible for Editor in 0.81 ms, found 1 plugins.
Preloading 0 native plugins for Editor in 0.00 ms.
Mono: successfully reloaded assembly
- Completed reload, in  2.247 seconds
Platform modules already initialized, skipping
Shader 'Custom/AdditiveTintable': fallback shader 'Particles/Additive (Soft)' not found
Refreshing native plugins compatible for Editor in 0.86 ms, found 1 plugins.
Preloading 0 native plugins for Editor in 0.00 ms.
Unloading 2691 Unused Serialized files (Serialized files now loaded: 0)
System memory in use before: 103.1 MB.
System memory in use after: 102.5 MB.

Unloading 13 unused Assets to reduce memory usage. Loaded Objects now: 3165.
Total: 7.619700 ms (FindLiveObjects: 2.614600 ms CreateObjectMapping: 1.156200 ms MarkObjects: 3.293600 ms  DeleteObjects: 0.551900 ms)

========================================================================
Received Import Request.
  Time since last request: 50052.619420 seconds.
  path: Assets/ScriptableObject/HealthManager.cs
  artifactKey: Guid(e2d7d4f39f4c431489cc77280fdfac03) Importer(815301076,1909f56bfc062723c751e8b465ee728b)
Start importing Assets/ScriptableObject/HealthManager.cs using Guid(e2d7d4f39f4c431489cc77280fdfac03) Importer(815301076,1909f56bfc062723c751e8b465ee728b)  -> (artifact id: 'c58c314ce4c9ca271f6aba6b31def33f') in 0.052278 seconds 
========================================================================
Received Import Request.
  Time since last request: 0.076627 seconds.
  path: Assets/ScriptableObject/HealthManagerEnemy.cs
  artifactKey: Guid(e2b4238a3eb797241b103baa8ef57405) Importer(815301076,1909f56bfc062723c751e8b465ee728b)
Start importing Assets/ScriptableObject/HealthManagerEnemy.cs using Guid(e2b4238a3eb797241b103baa8ef57405) Importer(815301076,1909f56bfc062723c751e8b465ee728b)  -> (artifact id: 'a62457c0ea0814b3dbc5c244a4acc17d') in 0.006377 seconds 
========================================================================
Received Prepare
Registering precompiled user dll's ...
Registered in 0.075042 seconds.
Begin MonoManager ReloadAssembly
Native extension for WindowsStandalone target not found
Refreshing native plugins compatible for Editor in 0.81 ms, found 1 plugins.
Preloading 0 native plugins for Editor in 0.00 ms.
Mono: successfully reloaded assembly
- Completed reload, in  2.150 seconds
Platform modules already initialized, skipping
Shader 'Custom/AdditiveTintable': fallback shader 'Particles/Additive (Soft)' not found
Refreshing native plugins compatible for Editor in 0.84 ms, found 1 plugins.
Preloading 0 native plugins for Editor in 0.00 ms.
Unloading 2691 Unused Serialized files (Serialized files now loaded: 0)
System memory in use before: 103.1 MB.
System memory in use after: 102.6 MB.

Unloading 13 unused Assets to reduce memory usage. Loaded Objects now: 3168.
Total: 4.340000 ms (FindLiveObjects: 0.421200 ms CreateObjectMapping: 0.355100 ms MarkObjects: 2.915000 ms  DeleteObjects: 0.646100 ms)

========================================================================
Received Prepare
Registering precompiled user dll's ...
Registered in 0.034836 seconds.
Begin MonoManager ReloadAssembly
Native extension for WindowsStandalone target not found
Refreshing native plugins compatible for Editor in 0.93 ms, found 1 plugins.
Preloading 0 native plugins for Editor in 0.00 ms.
Mono: successfully reloaded assembly
- Completed reload, in  2.338 seconds
Platform modules already initialized, skipping
Shader 'Custom/AdditiveTintable': fallback shader 'Particles/Additive (Soft)' not found
Refreshing native plugins compatible for Editor in 0.93 ms, found 1 plugins.
Preloading 0 native plugins for Editor in 0.00 ms.
Unloading 2691 Unused Serialized files (Serialized files now loaded: 0)
System memory in use before: 103.1 MB.
System memory in use after: 102.6 MB.

Unloading 13 unused Assets to reduce memory usage. Loaded Objects now: 3171.
Total: 4.533000 ms (FindLiveObjects: 0.465100 ms CreateObjectMapping: 0.475900 ms MarkObjects: 3.123100 ms  DeleteObjects: 0.466300 ms)

========================================================================
Received Prepare
Registering precompiled user dll's ...
Registered in 0.007196 seconds.
Begin MonoManager ReloadAssembly
Native extension for WindowsStandalone target not found
Refreshing native plugins compatible for Editor in 2.68 ms, found 1 plugins.
Preloading 0 native plugins for Editor in 0.00 ms.
Mono: successfully reloaded assembly
- Completed reload, in  2.977 seconds
Platform modules already initialized, skipping
Shader 'Custom/AdditiveTintable': fallback shader 'Particles/Additive (Soft)' not found
Refreshing native plugins compatible for Editor in 0.82 ms, found 1 plugins.
Preloading 0 native plugins for Editor in 0.00 ms.
Unloading 2691 Unused Serialized files (Serialized files now loaded: 0)
System memory in use before: 103.1 MB.
System memory in use after: 102.6 MB.

Unloading 13 unused Assets to reduce memory usage. Loaded Objects now: 3174.
Total: 5.303000 ms (FindLiveObjects: 0.311200 ms CreateObjectMapping: 0.206600 ms MarkObjects: 4.223800 ms  DeleteObjects: 0.558100 ms)

========================================================================
Received Prepare
Registering precompiled user dll's ...
Registered in 0.006717 seconds.
Begin MonoManager ReloadAssembly
Native extension for WindowsStandalone target not found
Refreshing native plugins compatible for Editor in 2.41 ms, found 1 plugins.
Preloading 0 native plugins for Editor in 0.00 ms.
Mono: successfully reloaded assembly
- Completed reload, in  3.452 seconds
Platform modules already initialized, skipping
Shader 'Custom/AdditiveTintable': fallback shader 'Particles/Additive (Soft)' not found
Refreshing native plugins compatible for Editor in 0.92 ms, found 1 plugins.
Preloading 0 native plugins for Editor in 0.00 ms.
Unloading 2691 Unused Serialized files (Serialized files now loaded: 0)
System memory in use before: 103.1 MB.
System memory in use after: 102.6 MB.

Unloading 13 unused Assets to reduce memory usage. Loaded Objects now: 3177.
Total: 3.926200 ms (FindLiveObjects: 0.317300 ms CreateObjectMapping: 0.267400 ms MarkObjects: 2.925100 ms  DeleteObjects: 0.413600 ms)

========================================================================
Received Prepare
Registering precompiled user dll's ...
Registered in 0.006649 seconds.
Begin MonoManager ReloadAssembly
Native extension for WindowsStandalone target not found
Refreshing native plugins compatible for Editor in 0.95 ms, found 1 plugins.
Preloading 0 native plugins for Editor in 0.00 ms.
Mono: successfully reloaded assembly
- Completed reload, in  4.926 seconds
Platform modules already initialized, skipping
Shader 'Custom/AdditiveTintable': fallback shader 'Particles/Additive (Soft)' not found
Refreshing native plugins compatible for Editor in 2.19 ms, found 1 plugins.
Preloading 0 native plugins for Editor in 0.00 ms.
Unloading 2691 Unused Serialized files (Serialized files now loaded: 0)
System memory in use before: 103.1 MB.
System memory in use after: 102.6 MB.

Unloading 13 unused Assets to reduce memory usage. Loaded Objects now: 3180.
Total: 4.628500 ms (FindLiveObjects: 0.408200 ms CreateObjectMapping: 0.364100 ms MarkObjects: 3.391200 ms  DeleteObjects: 0.461900 ms)

========================================================================
Received Prepare
Registering precompiled user dll's ...
Registered in 0.404863 seconds.
Begin MonoManager ReloadAssembly
Native extension for WindowsStandalone target not found
Refreshing native plugins compatible for Editor in 0.88 ms, found 1 plugins.
Preloading 0 native plugins for Editor in 0.00 ms.
Mono: successfully reloaded assembly
- Completed reload, in  4.106 seconds
Platform modules already initialized, skipping
Shader 'Custom/AdditiveTintable': fallback shader 'Particles/Additive (Soft)' not found
Refreshing native plugins compatible for Editor in 0.82 ms, found 1 plugins.
Preloading 0 native plugins for Editor in 0.00 ms.
Unloading 2691 Unused Serialized files (Serialized files now loaded: 0)
System memory in use before: 103.1 MB.
System memory in use after: 102.6 MB.

Unloading 13 unused Assets to reduce memory usage. Loaded Objects now: 3183.
Total: 8.769300 ms (FindLiveObjects: 0.433600 ms CreateObjectMapping: 3.203700 ms MarkObjects: 4.622100 ms  DeleteObjects: 0.506200 ms)

========================================================================
Received Prepare
Registering precompiled user dll's ...
Registered in 0.021937 seconds.
Begin MonoManager ReloadAssembly
Native extension for WindowsStandalone target not found
Refreshing native plugins compatible for Editor in 1.00 ms, found 1 plugins.
Preloading 0 native plugins for Editor in 0.00 ms.
Mono: successfully reloaded assembly
- Completed reload, in  2.578 seconds
Platform modules already initialized, skipping
Shader 'Custom/AdditiveTintable': fallback shader 'Particles/Additive (Soft)' not found
Refreshing native plugins compatible for Editor in 0.93 ms, found 1 plugins.
Preloading 0 native plugins for Editor in 0.00 ms.
Unloading 2691 Unused Serialized files (Serialized files now loaded: 0)
System memory in use before: 103.1 MB.
System memory in use after: 102.6 MB.

Unloading 13 unused Assets to reduce memory usage. Loaded Objects now: 3186.
Total: 6.508100 ms (FindLiveObjects: 1.450700 ms CreateObjectMapping: 0.752300 ms MarkObjects: 3.790600 ms  DeleteObjects: 0.510800 ms)

========================================================================
Received Prepare
Registering precompiled user dll's ...
Registered in 0.076634 seconds.
Begin MonoManager ReloadAssembly
Native extension for WindowsStandalone target not found
Refreshing native plugins compatible for Editor in 0.91 ms, found 1 plugins.
Preloading 0 native plugins for Editor in 0.00 ms.
Mono: successfully reloaded assembly
- Completed reload, in  3.113 seconds
Platform modules already initialized, skipping
Shader 'Custom/AdditiveTintable': fallback shader 'Particles/Additive (Soft)' not found
Refreshing native plugins compatible for Editor in 0.82 ms, found 1 plugins.
Preloading 0 native plugins for Editor in 0.00 ms.
Unloading 2691 Unused Serialized files (Serialized files now loaded: 0)
System memory in use before: 103.1 MB.
System memory in use after: 102.6 MB.

Unloading 13 unused Assets to reduce memory usage. Loaded Objects now: 3189.
Total: 5.957500 ms (FindLiveObjects: 1.340800 ms CreateObjectMapping: 0.422800 ms MarkObjects: 3.767700 ms  DeleteObjects: 0.423300 ms)

========================================================================
Received Import Request.
  Time since last request: 13932.108078 seconds.
  path: Assets/ScriptableObject/Enemy.cs
  artifactKey: Guid(c538e81ce40df054580b06dae4f3be8c) Importer(815301076,1909f56bfc062723c751e8b465ee728b)
Start importing Assets/ScriptableObject/Enemy.cs using Guid(c538e81ce40df054580b06dae4f3be8c) Importer(815301076,1909f56bfc062723c751e8b465ee728b)  -> (artifact id: 'eda5dfba9383ce13ad13b21aa3deba1f') in 2.147030 seconds 
========================================================================
Received Import Request.
  Time since last request: 1008.880949 seconds.
  path: Assets/ScriptableObject/Enemy.cs
  artifactKey: Guid(c538e81ce40df054580b06dae4f3be8c) Importer(815301076,1909f56bfc062723c751e8b465ee728b)
Start importing Assets/ScriptableObject/Enemy.cs using Guid(c538e81ce40df054580b06dae4f3be8c) Importer(815301076,1909f56bfc062723c751e8b465ee728b)  -> (artifact id: 'e616101493d902c04ee6a6e79c976c85') in 0.441261 seconds 
========================================================================
Received Import Request.
  Time since last request: 5957.951502 seconds.
  path: Assets/ScriptableObject/Enemy.cs
  artifactKey: Guid(c538e81ce40df054580b06dae4f3be8c) Importer(815301076,1909f56bfc062723c751e8b465ee728b)
Start importing Assets/ScriptableObject/Enemy.cs using Guid(c538e81ce40df054580b06dae4f3be8c) Importer(815301076,1909f56bfc062723c751e8b465ee728b)  -> (artifact id: '2f43102b70ba3aae252be3b77b54d06d') in 0.104834 seconds 
========================================================================
Received Prepare
Registering precompiled user dll's ...
Registered in 0.019661 seconds.
Begin MonoManager ReloadAssembly
Native extension for WindowsStandalone target not found
Refreshing native plugins compatible for Editor in 0.81 ms, found 1 plugins.
Preloading 0 native plugins for Editor in 0.00 ms.
Mono: successfully reloaded assembly
- Completed reload, in  4.690 seconds
Platform modules already initialized, skipping
Shader 'Custom/AdditiveTintable': fallback shader 'Particles/Additive (Soft)' not found
Refreshing native plugins compatible for Editor in 0.88 ms, found 1 plugins.
Preloading 0 native plugins for Editor in 0.00 ms.
Unloading 2691 Unused Serialized files (Serialized files now loaded: 0)
System memory in use before: 103.1 MB.
System memory in use after: 102.6 MB.

Unloading 13 unused Assets to reduce memory usage. Loaded Objects now: 3192.
Total: 7.495100 ms (FindLiveObjects: 0.402200 ms CreateObjectMapping: 0.389200 ms MarkObjects: 6.175700 ms  DeleteObjects: 0.524600 ms)

========================================================================
Received Import Request.
  Time since last request: 196.567784 seconds.
  path: Assets/ScriptableObject/Enemy.cs
  artifactKey: Guid(c538e81ce40df054580b06dae4f3be8c) Importer(815301076,1909f56bfc062723c751e8b465ee728b)
Start importing Assets/ScriptableObject/Enemy.cs using Guid(c538e81ce40df054580b06dae4f3be8c) Importer(815301076,1909f56bfc062723c751e8b465ee728b)  -> (artifact id: 'ecedef59ffb207015e8310d2102a6db8') in 0.015179 seconds 
========================================================================
Received Prepare
Registering precompiled user dll's ...
Registered in 0.028123 seconds.
Begin MonoManager ReloadAssembly
Native extension for WindowsStandalone target not found
Refreshing native plugins compatible for Editor in 146.85 ms, found 1 plugins.
Preloading 0 native plugins for Editor in 0.00 ms.
Mono: successfully reloaded assembly
- Completed reload, in  7.135 seconds
Platform modules already initialized, skipping
Shader 'Custom/AdditiveTintable': fallback shader 'Particles/Additive (Soft)' not found
Refreshing native plugins compatible for Editor in 1.05 ms, found 1 plugins.
Preloading 0 native plugins for Editor in 0.00 ms.
Unloading 2691 Unused Serialized files (Serialized files now loaded: 0)
System memory in use before: 103.2 MB.
System memory in use after: 102.6 MB.

Unloading 13 unused Assets to reduce memory usage. Loaded Objects now: 3195.
Total: 5.878100 ms (FindLiveObjects: 1.340800 ms CreateObjectMapping: 0.338100 ms MarkObjects: 3.788600 ms  DeleteObjects: 0.408500 ms)

========================================================================
Received Prepare
Registering precompiled user dll's ...
Registered in 0.041295 seconds.
Begin MonoManager ReloadAssembly
Native extension for WindowsStandalone target not found
Refreshing native plugins compatible for Editor in 0.81 ms, found 1 plugins.
Preloading 0 native plugins for Editor in 0.00 ms.
Mono: successfully reloaded assembly
- Completed reload, in  5.151 seconds
Platform modules already initialized, skipping
Shader 'Custom/AdditiveTintable': fallback shader 'Particles/Additive (Soft)' not found
Refreshing native plugins compatible for Editor in 0.88 ms, found 1 plugins.
Preloading 0 native plugins for Editor in 0.00 ms.
Unloading 2691 Unused Serialized files (Serialized files now loaded: 0)
System memory in use before: 103.2 MB.
System memory in use after: 102.6 MB.

Unloading 13 unused Assets to reduce memory usage. Loaded Objects now: 3198.
Total: 4.141500 ms (FindLiveObjects: 0.300100 ms CreateObjectMapping: 0.191500 ms MarkObjects: 3.252400 ms  DeleteObjects: 0.394000 ms)

========================================================================
Received Import Request.
  Time since last request: 7056.251424 seconds.
  path: Assets/ScriptableObject/EnemyController.cs
  artifactKey: Guid(e1596028b95da33498ee8f9ac2452cd2) Importer(815301076,1909f56bfc062723c751e8b465ee728b)
Start importing Assets/ScriptableObject/EnemyController.cs using Guid(e1596028b95da33498ee8f9ac2452cd2) Importer(815301076,1909f56bfc062723c751e8b465ee728b)  -> (artifact id: '07de8fc6392eac2bbf5962536aaa4b00') in 0.049274 seconds 
========================================================================
Received Prepare
Registering precompiled user dll's ...
Registered in 0.009072 seconds.
Begin MonoManager ReloadAssembly
Native extension for WindowsStandalone target not found
Refreshing native plugins compatible for Editor in 0.84 ms, found 1 plugins.
Preloading 0 native plugins for Editor in 0.00 ms.
Mono: successfully reloaded assembly
- Completed reload, in  4.326 seconds
Platform modules already initialized, skipping
Shader 'Custom/AdditiveTintable': fallback shader 'Particles/Additive (Soft)' not found
Refreshing native plugins compatible for Editor in 0.85 ms, found 1 plugins.
Preloading 0 native plugins for Editor in 0.00 ms.
Unloading 2691 Unused Serialized files (Serialized files now loaded: 0)
System memory in use before: 103.2 MB.
System memory in use after: 102.6 MB.

Unloading 13 unused Assets to reduce memory usage. Loaded Objects now: 3201.
Total: 6.051500 ms (FindLiveObjects: 0.738900 ms CreateObjectMapping: 1.552300 ms MarkObjects: 3.350700 ms  DeleteObjects: 0.406500 ms)

========================================================================
Received Import Request.
  Time since last request: 2880.998702 seconds.
  path: Assets/ScriptableObject/HealthManagerEnemy.cs
  artifactKey: Guid(e2b4238a3eb797241b103baa8ef57405) Importer(815301076,1909f56bfc062723c751e8b465ee728b)
Start importing Assets/ScriptableObject/HealthManagerEnemy.cs using Guid(e2b4238a3eb797241b103baa8ef57405) Importer(815301076,1909f56bfc062723c751e8b465ee728b)  -> (artifact id: 'e00d07a3cd81b25e9fdab2c37ebbb875') in 0.032671 seconds 
========================================================================
Received Import Request.
  Time since last request: 14.439908 seconds.
  path: Assets/Prefabs/Enemy.prefab
  artifactKey: Guid(4575180d6a22e05488b414802068c65d) Importer(815301076,1909f56bfc062723c751e8b465ee728b)
Start importing Assets/Prefabs/Enemy.prefab using Guid(4575180d6a22e05488b414802068c65d) Importer(815301076,1909f56bfc062723c751e8b465ee728b)  -> (artifact id: 'f59e28fbea5c4698c68622b4c4aeb7b6') in 0.485182 seconds 
========================================================================
Received Import Request.
  Time since last request: 73.116178 seconds.
  path: Assets/Prefabs/Enemy.prefab
  artifactKey: Guid(4575180d6a22e05488b414802068c65d) Importer(815301076,1909f56bfc062723c751e8b465ee728b)
Start importing Assets/Prefabs/Enemy.prefab using Guid(4575180d6a22e05488b414802068c65d) Importer(815301076,1909f56bfc062723c751e8b465ee728b)  -> (artifact id: '2bbd27aa427e2f2d1db062056b45eca5') in 0.068174 seconds 
========================================================================
Received Import Request.
  Time since last request: 66.044754 seconds.
  path: Assets/Prefabs/Enemy.prefab
  artifactKey: Guid(4575180d6a22e05488b414802068c65d) Importer(815301076,1909f56bfc062723c751e8b465ee728b)
Start importing Assets/Prefabs/Enemy.prefab using Guid(4575180d6a22e05488b414802068c65d) Importer(815301076,1909f56bfc062723c751e8b465ee728b)  -> (artifact id: '73484661a769052039fda5bd1a6bf1e1') in 0.103594 seconds 
========================================================================
Received Import Request.
  Time since last request: 94.835593 seconds.
  path: Assets/Prefabs/Enemy.prefab
  artifactKey: Guid(4575180d6a22e05488b414802068c65d) Importer(815301076,1909f56bfc062723c751e8b465ee728b)
Start importing Assets/Prefabs/Enemy.prefab using Guid(4575180d6a22e05488b414802068c65d) Importer(815301076,1909f56bfc062723c751e8b465ee728b)  -> (artifact id: '3afd89fdc42b87cf9203e6d1ecdbd21c') in 0.042032 seconds 
========================================================================
Received Import Request.
  Time since last request: 57.031056 seconds.
  path: Assets/Prefabs/Enemy.prefab
  artifactKey: Guid(4575180d6a22e05488b414802068c65d) Importer(815301076,1909f56bfc062723c751e8b465ee728b)
Start importing Assets/Prefabs/Enemy.prefab using Guid(4575180d6a22e05488b414802068c65d) Importer(815301076,1909f56bfc062723c751e8b465ee728b)  -> (artifact id: '62578fce3f2b90b3c415cca90a2d097f') in 0.135664 seconds 
========================================================================
Received Import Request.
  Time since last request: 21.722384 seconds.
  path: Assets/Prefabs/Enemy.prefab
  artifactKey: Guid(4575180d6a22e05488b414802068c65d) Importer(815301076,1909f56bfc062723c751e8b465ee728b)
Start importing Assets/Prefabs/Enemy.prefab using Guid(4575180d6a22e05488b414802068c65d) Importer(815301076,1909f56bfc062723c751e8b465ee728b)  -> (artifact id: '7ddc4e758d02de8797b535912ee8b45a') in 0.153456 seconds 
========================================================================
Received Import Request.
  Time since last request: 0.342864 seconds.
  path: Assets/Prefabs/Enemy.prefab
  artifactKey: Guid(4575180d6a22e05488b414802068c65d) Importer(815301076,1909f56bfc062723c751e8b465ee728b)
Start importing Assets/Prefabs/Enemy.prefab using Guid(4575180d6a22e05488b414802068c65d) Importer(815301076,1909f56bfc062723c751e8b465ee728b)  -> (artifact id: '3a360e71e86a9aba903c722165710aa6') in 0.045136 seconds 
========================================================================
Received Import Request.
  Time since last request: 1.013702 seconds.
  path: Assets/Prefabs/Enemy.prefab
  artifactKey: Guid(4575180d6a22e05488b414802068c65d) Importer(815301076,1909f56bfc062723c751e8b465ee728b)
Start importing Assets/Prefabs/Enemy.prefab using Guid(4575180d6a22e05488b414802068c65d) Importer(815301076,1909f56bfc062723c751e8b465ee728b)  -> (artifact id: 'd560fd77e07bdddbd76d33c05b78a651') in 0.049141 seconds 
========================================================================
Received Import Request.
  Time since last request: 16.017949 seconds.
  path: Assets/Prefabs/Enemy.prefab
  artifactKey: Guid(4575180d6a22e05488b414802068c65d) Importer(815301076,1909f56bfc062723c751e8b465ee728b)
Start importing Assets/Prefabs/Enemy.prefab using Guid(4575180d6a22e05488b414802068c65d) Importer(815301076,1909f56bfc062723c751e8b465ee728b)  -> (artifact id: 'ed054f88152f694e80651d5d8443fcb8') in 0.066279 seconds 
========================================================================
Received Import Request.
  Time since last request: 16.974618 seconds.
  path: Assets/Prefabs/Enemy.prefab
  artifactKey: Guid(4575180d6a22e05488b414802068c65d) Importer(815301076,1909f56bfc062723c751e8b465ee728b)
Start importing Assets/Prefabs/Enemy.prefab using Guid(4575180d6a22e05488b414802068c65d) Importer(815301076,1909f56bfc062723c751e8b465ee728b)  -> (artifact id: 'aa7ce90a2a8ef50d5d5ac1bf4358469a') in 0.050383 seconds 
========================================================================
Received Import Request.
  Time since last request: 4.434446 seconds.
  path: Assets/Prefabs/Enemy.prefab
  artifactKey: Guid(4575180d6a22e05488b414802068c65d) Importer(815301076,1909f56bfc062723c751e8b465ee728b)
Start importing Assets/Prefabs/Enemy.prefab using Guid(4575180d6a22e05488b414802068c65d) Importer(815301076,1909f56bfc062723c751e8b465ee728b)  -> (artifact id: '45a0e5229007e1f7c51a5727c004e3c4') in 0.056396 seconds 
========================================================================
Received Import Request.
  Time since last request: 10.105186 seconds.
  path: Assets/Prefabs/Enemy.prefab
  artifactKey: Guid(4575180d6a22e05488b414802068c65d) Importer(815301076,1909f56bfc062723c751e8b465ee728b)
Start importing Assets/Prefabs/Enemy.prefab using Guid(4575180d6a22e05488b414802068c65d) Importer(815301076,1909f56bfc062723c751e8b465ee728b)  -> (artifact id: 'fb8c664fb0f3423dea53b297e9aed82e') in 0.054921 seconds 
========================================================================
Received Import Request.
  Time since last request: 1.383909 seconds.
  path: Assets/Prefabs/Enemy.prefab
  artifactKey: Guid(4575180d6a22e05488b414802068c65d) Importer(815301076,1909f56bfc062723c751e8b465ee728b)
Start importing Assets/Prefabs/Enemy.prefab using Guid(4575180d6a22e05488b414802068c65d) Importer(815301076,1909f56bfc062723c751e8b465ee728b)  -> (artifact id: 'b2ac81f8c22d33321a668aa8f0460cab') in 0.050982 seconds 
========================================================================
Received Import Request.
  Time since last request: 1.244617 seconds.
  path: Assets/Prefabs/Enemy.prefab
  artifactKey: Guid(4575180d6a22e05488b414802068c65d) Importer(815301076,1909f56bfc062723c751e8b465ee728b)
Start importing Assets/Prefabs/Enemy.prefab using Guid(4575180d6a22e05488b414802068c65d) Importer(815301076,1909f56bfc062723c751e8b465ee728b)  -> (artifact id: '517d35ffb204e0424206358fce5d26b0') in 0.061922 seconds 
========================================================================
Received Import Request.
  Time since last request: 1.154073 seconds.
  path: Assets/Prefabs/Enemy.prefab
  artifactKey: Guid(4575180d6a22e05488b414802068c65d) Importer(815301076,1909f56bfc062723c751e8b465ee728b)
Start importing Assets/Prefabs/Enemy.prefab using Guid(4575180d6a22e05488b414802068c65d) Importer(815301076,1909f56bfc062723c751e8b465ee728b)  -> (artifact id: '4777e8e0849a4ae17a9f0e711d55d2b5') in 0.045840 seconds 
========================================================================
Received Import Request.
  Time since last request: 15.170034 seconds.
  path: Assets/Prefabs/Enemy.prefab
  artifactKey: Guid(4575180d6a22e05488b414802068c65d) Importer(815301076,1909f56bfc062723c751e8b465ee728b)
Start importing Assets/Prefabs/Enemy.prefab using Guid(4575180d6a22e05488b414802068c65d) Importer(815301076,1909f56bfc062723c751e8b465ee728b)  -> (artifact id: '63ca9028d15bb8a05943423864b4b1c8') in 0.038212 seconds 
========================================================================
Received Import Request.
  Time since last request: 38.422334 seconds.
  path: Assets/Prefabs/Enemy.prefab
  artifactKey: Guid(4575180d6a22e05488b414802068c65d) Importer(815301076,1909f56bfc062723c751e8b465ee728b)
Start importing Assets/Prefabs/Enemy.prefab using Guid(4575180d6a22e05488b414802068c65d) Importer(815301076,1909f56bfc062723c751e8b465ee728b)  -> (artifact id: 'b5c96b86c03a6b33c1b95285aad64281') in 0.049474 seconds 
========================================================================
Received Import Request.
  Time since last request: 2.836998 seconds.
  path: Assets/Prefabs/Enemy.prefab
  artifactKey: Guid(4575180d6a22e05488b414802068c65d) Importer(815301076,1909f56bfc062723c751e8b465ee728b)
Start importing Assets/Prefabs/Enemy.prefab using Guid(4575180d6a22e05488b414802068c65d) Importer(815301076,1909f56bfc062723c751e8b465ee728b)  -> (artifact id: '2e60ae5f6e9c304a004e40ea1b03cd16') in 0.054835 seconds 
========================================================================
Received Import Request.
  Time since last request: 5.080770 seconds.
  path: Assets/Prefabs/Enemy.prefab
  artifactKey: Guid(4575180d6a22e05488b414802068c65d) Importer(815301076,1909f56bfc062723c751e8b465ee728b)
Start importing Assets/Prefabs/Enemy.prefab using Guid(4575180d6a22e05488b414802068c65d) Importer(815301076,1909f56bfc062723c751e8b465ee728b)  -> (artifact id: 'a29e3dad0d03e427f321402cfc74d25e') in 0.086609 seconds 
========================================================================
Received Import Request.
  Time since last request: 1.741826 seconds.
  path: Assets/Prefabs/Enemy.prefab
  artifactKey: Guid(4575180d6a22e05488b414802068c65d) Importer(815301076,1909f56bfc062723c751e8b465ee728b)
Start importing Assets/Prefabs/Enemy.prefab using Guid(4575180d6a22e05488b414802068c65d) Importer(815301076,1909f56bfc062723c751e8b465ee728b)  -> (artifact id: '7110dbf589e93ecc2e8eac9bb846fa6b') in 0.068269 seconds 
========================================================================
Received Import Request.
  Time since last request: 6.056497 seconds.
  path: Assets/Prefabs/Enemy.prefab
  artifactKey: Guid(4575180d6a22e05488b414802068c65d) Importer(815301076,1909f56bfc062723c751e8b465ee728b)
Start importing Assets/Prefabs/Enemy.prefab using Guid(4575180d6a22e05488b414802068c65d) Importer(815301076,1909f56bfc062723c751e8b465ee728b)  -> (artifact id: '11b8476704a9443f0ed963126b308f5f') in 0.066294 seconds 
========================================================================
Received Import Request.
  Time since last request: 1.962908 seconds.
  path: Assets/Prefabs/Enemy.prefab
  artifactKey: Guid(4575180d6a22e05488b414802068c65d) Importer(815301076,1909f56bfc062723c751e8b465ee728b)
Start importing Assets/Prefabs/Enemy.prefab using Guid(4575180d6a22e05488b414802068c65d) Importer(815301076,1909f56bfc062723c751e8b465ee728b)  -> (artifact id: '7917c4428db76672babe3ac578acfa64') in 0.169986 seconds 
========================================================================
Received Import Request.
  Time since last request: 42.674615 seconds.
  path: Assets/Prefabs/Enemy.prefab
  artifactKey: Guid(4575180d6a22e05488b414802068c65d) Importer(815301076,1909f56bfc062723c751e8b465ee728b)
Start importing Assets/Prefabs/Enemy.prefab using Guid(4575180d6a22e05488b414802068c65d) Importer(815301076,1909f56bfc062723c751e8b465ee728b)  -> (artifact id: 'a87254110387def13a666eb8d74b7cc8') in 0.045000 seconds 
========================================================================
Received Import Request.
  Time since last request: 165.964171 seconds.
  path: Assets/Prefabs/Enemy.prefab
  artifactKey: Guid(4575180d6a22e05488b414802068c65d) Importer(815301076,1909f56bfc062723c751e8b465ee728b)
Start importing Assets/Prefabs/Enemy.prefab using Guid(4575180d6a22e05488b414802068c65d) Importer(815301076,1909f56bfc062723c751e8b465ee728b)  -> (artifact id: 'cbc3e3382100ad26fbcec23a9a3e5b59') in 0.067234 seconds 
========================================================================
Received Prepare
Registering precompiled user dll's ...
Registered in 0.005740 seconds.
Begin MonoManager ReloadAssembly
Native extension for WindowsStandalone target not found
Refreshing native plugins compatible for Editor in 0.81 ms, found 1 plugins.
Preloading 0 native plugins for Editor in 0.00 ms.
Mono: successfully reloaded assembly
- Completed reload, in  2.378 seconds
Platform modules already initialized, skipping
Shader 'Custom/AdditiveTintable': fallback shader 'Particles/Additive (Soft)' not found
Refreshing native plugins compatible for Editor in 0.89 ms, found 1 plugins.
Preloading 0 native plugins for Editor in 0.00 ms.
Unloading 2691 Unused Serialized files (Serialized files now loaded: 0)
System memory in use before: 106.9 MB.
System memory in use after: 106.4 MB.

Unloading 13 unused Assets to reduce memory usage. Loaded Objects now: 3211.
Total: 3.573900 ms (FindLiveObjects: 0.339700 ms CreateObjectMapping: 0.248100 ms MarkObjects: 2.594700 ms  DeleteObjects: 0.388300 ms)

========================================================================
Received Import Request.
  Time since last request: 2811.398401 seconds.
  path: Assets/Prefabs/Enemy.prefab
  artifactKey: Guid(4575180d6a22e05488b414802068c65d) Importer(815301076,1909f56bfc062723c751e8b465ee728b)
Start importing Assets/Prefabs/Enemy.prefab using Guid(4575180d6a22e05488b414802068c65d) Importer(815301076,1909f56bfc062723c751e8b465ee728b)  -> (artifact id: 'c9d0b1f8e087beb3f24bfe3ac4e15da8') in 0.245173 seconds 
========================================================================
Received Prepare
Registering precompiled user dll's ...
Registered in 0.006521 seconds.
Begin MonoManager ReloadAssembly
Native extension for WindowsStandalone target not found
Refreshing native plugins compatible for Editor in 1.56 ms, found 1 plugins.
Preloading 0 native plugins for Editor in 0.00 ms.
Mono: successfully reloaded assembly
- Completed reload, in  1.932 seconds
Platform modules already initialized, skipping
Shader 'Custom/AdditiveTintable': fallback shader 'Particles/Additive (Soft)' not found
Refreshing native plugins compatible for Editor in 0.83 ms, found 1 plugins.
Preloading 0 native plugins for Editor in 0.00 ms.
Unloading 2691 Unused Serialized files (Serialized files now loaded: 0)
System memory in use before: 106.9 MB.
System memory in use after: 106.4 MB.

Unloading 13 unused Assets to reduce memory usage. Loaded Objects now: 3215.
Total: 4.390000 ms (FindLiveObjects: 0.299300 ms CreateObjectMapping: 0.190500 ms MarkObjects: 3.442300 ms  DeleteObjects: 0.454900 ms)

AssetImportWorkerClient::OnTransportError - code=2 error=End of file
