Using pre-set license
Built from '2021.1/staging' branch; Version is '2021.1.6f1 (c0fade0cc7e9) revision 12647134'; Using compiler version '192528614'; Build Type 'Release'
OS: 'Windows 10 Pro; OS build 19045.2486; Version 2009; 64bit' Language: 'ru' Physical Memory: 7805 MB
BatchMode: 1, IsHumanControllingUs: 0, StartBugReporterOnCrash: 0, Is64bit: 1, IsPro: 0

 COMMAND LINE ARGUMENTS:
C:\Program Files\Unity 2021.1.6f1\Editor\Unity.exe
-adb2
-batchMode
-noUpm
-name
AssetImportWorker5
-projectPath
G:/Учеба/C#/Unity задачи/GAMESpaceWorld
-logFile
Logs/AssetImportWorker5.log
-srvPort
50024
Successfully changed project path to: G:/Учеба/C#/Unity задачи/GAMESpaceWorld
G:/Учеба/C#/Unity задачи/GAMESpaceWorld
Using Asset Import Pipeline V2.
Refreshing native plugins compatible for Editor in 211.72 ms, found 1 plugins.
Preloading 0 native plugins for Editor in 0.00 ms.
Initialize engine version: 2021.1.6f1 (c0fade0cc7e9)
[Subsystems] Discovering subsystems at path C:/Program Files/Unity 2021.1.6f1/Editor/Data/Resources/UnitySubsystems
[Subsystems] Discovering subsystems at path G:/Учеба/C#/Unity задачи/GAMESpaceWorld/Assets
GfxDevice: creating device client; threaded=0; jobified=0
Direct3D:
    Version:  Direct3D 11.0 [level 11.0]
    Renderer: Intel(R) HD Graphics (ID=0x156)
    Vendor:   Intel
    VRAM:     128 MB
    Driver:   10.18.10.5161
Shader 'Custom/AdditiveTintable': fallback shader 'Particles/Additive (Soft)' not found
Initialize mono
Mono path[0] = 'C:/Program Files/Unity 2021.1.6f1/Editor/Data/Managed'
Mono path[1] = 'C:/Program Files/Unity 2021.1.6f1/Editor/Data/MonoBleedingEdge/lib/mono/unityjit'
Mono config path = 'C:/Program Files/Unity 2021.1.6f1/Editor/Data/MonoBleedingEdge/etc'
Using monoOptions --debugger-agent=transport=dt_socket,embedding=1,server=y,suspend=n,address=127.0.0.1:56668
Begin MonoManager ReloadAssembly
Registering precompiled unity dll's ...
Register platform support module: C:/Program Files/Unity 2021.1.6f1/Editor/Data/PlaybackEngines/WindowsStandaloneSupport/UnityEditor.WindowsStandalone.Extensions.dll
Registered in 0.005543 seconds.
Native extension for WindowsStandalone target not found
Refreshing native plugins compatible for Editor in 279.84 ms, found 1 plugins.
Preloading 0 native plugins for Editor in 0.00 ms.
Mono: successfully reloaded assembly
- Completed reload, in  5.927 seconds
Platform modules already initialized, skipping
Registering precompiled user dll's ...
Registered in 0.008337 seconds.
Begin MonoManager ReloadAssembly
Native extension for WindowsStandalone target not found
Refreshing native plugins compatible for Editor in 1.04 ms, found 1 plugins.
Preloading 0 native plugins for Editor in 0.00 ms.
Mono: successfully reloaded assembly
- Completed reload, in  3.601 seconds
Platform modules already initialized, skipping
========================================================================
Worker process is ready to serve import requests
Shader 'Custom/AdditiveTintable': fallback shader 'Particles/Additive (Soft)' not found
Launched and connected shader compiler UnityShaderCompiler.exe after 0.14 seconds
Refreshing native plugins compatible for Editor in 0.89 ms, found 1 plugins.
Preloading 0 native plugins for Editor in 0.00 ms.
Unloading 2731 Unused Serialized files (Serialized files now loaded: 0)
System memory in use before: 106.2 MB.
System memory in use after: 105.6 MB.

Unloading 18 unused Assets to reduce memory usage. Loaded Objects now: 3189.
Total: 4.437600 ms (FindLiveObjects: 0.449700 ms CreateObjectMapping: 0.384900 ms MarkObjects: 3.157300 ms  DeleteObjects: 0.442300 ms)

========================================================================
Received Import Request.
  path: Assets/Language/LocalizedText.cs
  artifactKey: Guid(ccd4daf38213da646adf833264461b08) Importer(815301076,1909f56bfc062723c751e8b465ee728b)
Start importing Assets/Language/LocalizedText.cs using Guid(ccd4daf38213da646adf833264461b08) Importer(815301076,1909f56bfc062723c751e8b465ee728b)  -> (artifact id: '00000000000000000000000000000000') in 0.054222 seconds  code(4) message(Build asset version error: assets/language/localizedtext.cs in SourceAssetDB has modification time of '2024-02-02T19:52:38.1933026Z' while content on disk has modification time of '2024-02-02T19:53:20.8213002Z')
  ERROR: Build asset version error: assets/language/localizedtext.cs in SourceAssetDB has modification time of '2024-02-02T19:52:38.1933026Z' while content on disk has modification time of '2024-02-02T19:53:20.8213002Z'
========================================================================
Received Import Request.
  Time since last request: 1513.024640 seconds.
  path: Assets/Language/LocalizedText.cs
  artifactKey: Guid(ccd4daf38213da646adf833264461b08) Importer(815301076,1909f56bfc062723c751e8b465ee728b)
Start importing Assets/Language/LocalizedText.cs using Guid(ccd4daf38213da646adf833264461b08) Importer(815301076,1909f56bfc062723c751e8b465ee728b)  -> (artifact id: '07ba87813d1c1d40cea1f62aca2cad81') in 0.036626 seconds 
========================================================================
Received Import Request.
  Time since last request: 4817.827669 seconds.
  path: Assets/Language/LocalizedText.cs
  artifactKey: Guid(ccd4daf38213da646adf833264461b08) Importer(815301076,1909f56bfc062723c751e8b465ee728b)
Start importing Assets/Language/LocalizedText.cs using Guid(ccd4daf38213da646adf833264461b08) Importer(815301076,1909f56bfc062723c751e8b465ee728b)  -> (artifact id: 'afe02ea0deee9bef9bcd8c42da0e62bb') in 0.018687 seconds 
