Using pre-set license
Built from '2021.1/staging' branch; Version is '2021.1.6f1 (c0fade0cc7e9) revision 12647134'; Using compiler version '192528614'; Build Type 'Release'
OS: 'Windows 10 Pro; OS build 19045.2486; Version 2009; 64bit' Language: 'ru' Physical Memory: 7805 MB
BatchMode: 1, IsHumanControllingUs: 0, StartBugReporterOnCrash: 0, Is64bit: 1, IsPro: 0

 COMMAND LINE ARGUMENTS:
C:\Program Files\Unity 2021.1.6f1\Editor\Unity.exe
-adb2
-batchMode
-noUpm
-name
AssetImportWorker0
-projectPath
G:/Учеба/C#/Unity задачи/GAMESpaceWorld
-logFile
Logs/AssetImportWorker0.log
-srvPort
59181
Successfully changed project path to: G:/Учеба/C#/Unity задачи/GAMESpaceWorld
G:/Учеба/C#/Unity задачи/GAMESpaceWorld
Using Asset Import Pipeline V2.
Refreshing native plugins compatible for Editor in 198.07 ms, found 1 plugins.
Preloading 0 native plugins for Editor in 0.00 ms.
Initialize engine version: 2021.1.6f1 (c0fade0cc7e9)
[Subsystems] Discovering subsystems at path C:/Program Files/Unity 2021.1.6f1/Editor/Data/Resources/UnitySubsystems
[Subsystems] Discovering subsystems at path G:/Учеба/C#/Unity задачи/GAMESpaceWorld/Assets
GfxDevice: creating device client; threaded=0; jobified=0
Direct3D:
    Version:  Direct3D 11.0 [level 11.0]
    Renderer: Intel(R) HD Graphics (ID=0x156)
    Vendor:   Intel
    VRAM:     128 MB
    Driver:   10.18.10.5161
Shader 'Custom/AdditiveTintable': fallback shader 'Particles/Additive (Soft)' not found
Initialize mono
Mono path[0] = 'C:/Program Files/Unity 2021.1.6f1/Editor/Data/Managed'
Mono path[1] = 'C:/Program Files/Unity 2021.1.6f1/Editor/Data/MonoBleedingEdge/lib/mono/unityjit'
Mono config path = 'C:/Program Files/Unity 2021.1.6f1/Editor/Data/MonoBleedingEdge/etc'
Using monoOptions --debugger-agent=transport=dt_socket,embedding=1,server=y,suspend=n,address=127.0.0.1:56028
Begin MonoManager ReloadAssembly
Registering precompiled unity dll's ...
Register platform support module: C:/Program Files/Unity 2021.1.6f1/Editor/Data/PlaybackEngines/WindowsStandaloneSupport/UnityEditor.WindowsStandalone.Extensions.dll
Registered in 0.005202 seconds.
Native extension for WindowsStandalone target not found
Refreshing native plugins compatible for Editor in 199.26 ms, found 1 plugins.
Preloading 0 native plugins for Editor in 0.00 ms.
Mono: successfully reloaded assembly
- Completed reload, in  2.866 seconds
Platform modules already initialized, skipping
Registering precompiled user dll's ...
Registered in 0.006835 seconds.
Begin MonoManager ReloadAssembly
Native extension for WindowsStandalone target not found
Refreshing native plugins compatible for Editor in 1.48 ms, found 1 plugins.
Preloading 0 native plugins for Editor in 0.00 ms.
Mono: successfully reloaded assembly
- Completed reload, in  2.868 seconds
Platform modules already initialized, skipping
========================================================================
Worker process is ready to serve import requests
Shader 'Custom/AdditiveTintable': fallback shader 'Particles/Additive (Soft)' not found
Launched and connected shader compiler UnityShaderCompiler.exe after 0.13 seconds
Refreshing native plugins compatible for Editor in 1.14 ms, found 1 plugins.
Preloading 0 native plugins for Editor in 0.00 ms.
Unloading 2805 Unused Serialized files (Serialized files now loaded: 0)
System memory in use before: 107.3 MB.
System memory in use after: 106.7 MB.

Unloading 19 unused Assets to reduce memory usage. Loaded Objects now: 3262.
Total: 6.990900 ms (FindLiveObjects: 0.389000 ms CreateObjectMapping: 2.528600 ms MarkObjects: 3.648300 ms  DeleteObjects: 0.421900 ms)

========================================================================
Received Import Request.
  path: Assets/ScriptableObject/Unity.gitignore.cs
  artifactKey: Guid(5d09e36a82448cb4a9e0353e42622d34) Importer(815301076,1909f56bfc062723c751e8b465ee728b)
Start importing Assets/ScriptableObject/Unity.gitignore.cs using Guid(5d09e36a82448cb4a9e0353e42622d34) Importer(815301076,1909f56bfc062723c751e8b465ee728b)  -> (artifact id: 'ec350d6112beebf69295c67fd75911a4') in 0.324899 seconds 
========================================================================
Received Import Request.
  Time since last request: 7272.964456 seconds.
  path: Assets/Client
  artifactKey: Guid(dd7ca6fb27dfc6d4bad3e7955f21dc6c) Importer(815301076,1909f56bfc062723c751e8b465ee728b)
Start importing Assets/Client using Guid(dd7ca6fb27dfc6d4bad3e7955f21dc6c) Importer(815301076,1909f56bfc062723c751e8b465ee728b)  -> (artifact id: '83afdbefe775fbe5f0b9b4d4f6bd9369') in 0.017178 seconds 
========================================================================
Received Import Request.
  Time since last request: 209.607626 seconds.
  path: Assets/Ammunition pack (demo)/AmmoPackSettings.lighting
  artifactKey: Guid(b18b70d66a119f84ba62d06aad63d507) Importer(815301076,1909f56bfc062723c751e8b465ee728b)
Start importing Assets/Ammunition pack (demo)/AmmoPackSettings.lighting using Guid(b18b70d66a119f84ba62d06aad63d507) Importer(815301076,1909f56bfc062723c751e8b465ee728b) LightingSettings: switching bake backend from 1 to 0.
 -> (artifact id: 'b93ef1bc20e6018dfaf0db14fe8076aa') in 0.039327 seconds 
========================================================================
Received Import Request.
  Time since last request: 2.934459 seconds.
  path: Assets/Ammunition pack (demo)/AmmoPack.unity
  artifactKey: Guid(9d934b82b1af3c14cb8eac916c70c024) Importer(815301076,1909f56bfc062723c751e8b465ee728b)
Start importing Assets/Ammunition pack (demo)/AmmoPack.unity using Guid(9d934b82b1af3c14cb8eac916c70c024) Importer(815301076,1909f56bfc062723c751e8b465ee728b)  -> (artifact id: 'c3936c69c085f3e51d651a9efad6479b') in 0.144821 seconds 
========================================================================
Received Import Request.
  Time since last request: 43.884732 seconds.
  path: Assets/Fonts/Script/scriptTexttest.cs
  artifactKey: Guid(cf58b38533854964da0284ae4f5be975) Importer(815301076,1909f56bfc062723c751e8b465ee728b)
Start importing Assets/Fonts/Script/scriptTexttest.cs using Guid(cf58b38533854964da0284ae4f5be975) Importer(815301076,1909f56bfc062723c751e8b465ee728b)  -> (artifact id: 'c731b5211c31a9e4d616d9545840ce13') in 0.006979 seconds 
========================================================================
Received Import Request.
  Time since last request: 5262.009457 seconds.
  path: Assets/Language/LocalizedText.cs
  artifactKey: Guid(ccd4daf38213da646adf833264461b08) Importer(815301076,1909f56bfc062723c751e8b465ee728b)
Start importing Assets/Language/LocalizedText.cs using Guid(ccd4daf38213da646adf833264461b08) Importer(815301076,1909f56bfc062723c751e8b465ee728b)  -> (artifact id: '924879844f095a0e7c155302df276a26') in 0.028396 seconds 
========================================================================
Received Import Request.
  Time since last request: 74.790815 seconds.
  path: Assets/Plugins
  artifactKey: Guid(03867c1b5bbe2db4699b01df65ae9e75) Importer(815301076,1909f56bfc062723c751e8b465ee728b)
Start importing Assets/Plugins using Guid(03867c1b5bbe2db4699b01df65ae9e75) Importer(815301076,1909f56bfc062723c751e8b465ee728b)  -> (artifact id: 'c766e92df1d361b0d02c91f0fcdbb4cf') in 0.015455 seconds 
========================================================================
Received Import Request.
  Time since last request: 1.176391 seconds.
  path: Assets/Plugins/CW
  artifactKey: Guid(4b386a00b21241a4daf293aadc55db5e) Importer(815301076,1909f56bfc062723c751e8b465ee728b)
Start importing Assets/Plugins/CW using Guid(4b386a00b21241a4daf293aadc55db5e) Importer(815301076,1909f56bfc062723c751e8b465ee728b)  -> (artifact id: '1ebf19ccdc54240c3806471f0db62420') in 0.008961 seconds 
========================================================================
Received Import Request.
  Time since last request: 70090.650869 seconds.
  path: Assets/ScriptableObject/BulletControllerEnemy.cs
  artifactKey: Guid(360fa08c2ab8d0a40b7aa4f2a3965fb2) Importer(815301076,1909f56bfc062723c751e8b465ee728b)
Start importing Assets/ScriptableObject/BulletControllerEnemy.cs using Guid(360fa08c2ab8d0a40b7aa4f2a3965fb2) Importer(815301076,1909f56bfc062723c751e8b465ee728b)  -> (artifact id: '1fef8aa0a81e039270c0758c451ceab7') in 0.487322 seconds 
========================================================================
Received Import Request.
  Time since last request: 4915.146482 seconds.
  path: Assets/Ammunition pack (demo)/AmmoPack.unity
  artifactKey: Guid(9d934b82b1af3c14cb8eac916c70c024) Importer(815301076,1909f56bfc062723c751e8b465ee728b)
Start importing Assets/Ammunition pack (demo)/AmmoPack.unity using Guid(9d934b82b1af3c14cb8eac916c70c024) Importer(815301076,1909f56bfc062723c751e8b465ee728b)  -> (artifact id: '33c92ebedbd5105aecb7e7a4fa3a1230') in 0.055184 seconds 
========================================================================
Received Import Request.
  Time since last request: 2147.757685 seconds.
  path: Assets/Scenes/SampleScene.unity
  artifactKey: Guid(9fc0d4010bbf28b4594072e72b8655ab) Importer(815301076,1909f56bfc062723c751e8b465ee728b)
Start importing Assets/Scenes/SampleScene.unity using Guid(9fc0d4010bbf28b4594072e72b8655ab) Importer(815301076,1909f56bfc062723c751e8b465ee728b)  -> (artifact id: '1d8be67aff0c86570a918a80c9b72b73') in 0.085335 seconds 
========================================================================
Received Import Request.
  Time since last request: 131.861432 seconds.
  path: Assets/GUI_Parts/Demo.unity
  artifactKey: Guid(6c64fb8af5456eb4e8e2b952cdb31814) Importer(815301076,1909f56bfc062723c751e8b465ee728b)
Start importing Assets/GUI_Parts/Demo.unity using Guid(6c64fb8af5456eb4e8e2b952cdb31814) Importer(815301076,1909f56bfc062723c751e8b465ee728b)  -> (artifact id: '7d93dd17d78114c60f20b3ff329bad83') in 0.046704 seconds 
========================================================================
Received Import Request.
  Time since last request: 34.289735 seconds.
  path: Assets/Client/Fonts/Documentation/JazzCreateAltKeys_BubbleFont.txt
  artifactKey: Guid(7368ec3e1bbae1e4e8d761edc844acf0) Importer(815301076,1909f56bfc062723c751e8b465ee728b)
Start importing Assets/Client/Fonts/Documentation/JazzCreateAltKeys_BubbleFont.txt using Guid(7368ec3e1bbae1e4e8d761edc844acf0) Importer(815301076,1909f56bfc062723c751e8b465ee728b)  -> (artifact id: '7d4e6773968d866952e3bdd1ce72e2c1') in 0.070373 seconds 
========================================================================
Received Import Request.
  Time since last request: 12250.630931 seconds.
  path: Assets/LocalizationPackage/_Example/Localization/German.xml
  artifactKey: Guid(e4f8531469c7e124fb8b3e72e15ffeb2) Importer(815301076,1909f56bfc062723c751e8b465ee728b)
Start importing Assets/LocalizationPackage/_Example/Localization/German.xml using Guid(e4f8531469c7e124fb8b3e72e15ffeb2) Importer(815301076,1909f56bfc062723c751e8b465ee728b)  -> (artifact id: 'b04c2bbce5c1c1cadbc959160fe2e768') in 0.088746 seconds 
========================================================================
Received Import Request.
  Time since last request: 2.125523 seconds.
  path: Assets/LocalizationPackage/_Example/Localization/Greek.xml
  artifactKey: Guid(5ed263c9750ba6f4cb6d3ac52277cd8e) Importer(815301076,1909f56bfc062723c751e8b465ee728b)
Start importing Assets/LocalizationPackage/_Example/Localization/Greek.xml using Guid(5ed263c9750ba6f4cb6d3ac52277cd8e) Importer(815301076,1909f56bfc062723c751e8b465ee728b)  -> (artifact id: '10136b80813338fc42be6c14e38de02d') in 0.042242 seconds 
========================================================================
Received Import Request.
  Time since last request: 2.012253 seconds.
  path: Assets/LocalizationPackage/_Example/Localization/Slovak.xml
  artifactKey: Guid(e478ab7d25502d349a027c2058c4db36) Importer(815301076,1909f56bfc062723c751e8b465ee728b)
Start importing Assets/LocalizationPackage/_Example/Localization/Slovak.xml using Guid(e478ab7d25502d349a027c2058c4db36) Importer(815301076,1909f56bfc062723c751e8b465ee728b)  -> (artifact id: '7e3f827acbc2e8a6a13387fdfa036b0e') in 0.030949 seconds 
========================================================================
Received Import Request.
  Time since last request: 1.471495 seconds.
  path: Assets/LocalizationPackage/_Example/Localization/LocalizationManager_ExampleSource.txt
  artifactKey: Guid(9b909c6d4021d4a4cbee96c2e94d7b0d) Importer(815301076,1909f56bfc062723c751e8b465ee728b)
Start importing Assets/LocalizationPackage/_Example/Localization/LocalizationManager_ExampleSource.txt using Guid(9b909c6d4021d4a4cbee96c2e94d7b0d) Importer(815301076,1909f56bfc062723c751e8b465ee728b)  -> (artifact id: '1d6c0c0d2a6bac3c1796cfb27c6ca879') in 0.020075 seconds 
========================================================================
Received Import Request.
  Time since last request: 3.781154 seconds.
  path: Assets/LocalizationPackage/_Example/Script/ExampleScript.cs
  artifactKey: Guid(1be44363c697ad74eaebdab508425ffd) Importer(815301076,1909f56bfc062723c751e8b465ee728b)
Start importing Assets/LocalizationPackage/_Example/Script/ExampleScript.cs using Guid(1be44363c697ad74eaebdab508425ffd) Importer(815301076,1909f56bfc062723c751e8b465ee728b)  -> (artifact id: '25910935c2524c1c49a43f0c43465c3e') in 0.052928 seconds 
========================================================================
Received Import Request.
  Time since last request: 7901.271881 seconds.
  path: Assets/LocalizationPackage/_Source/Localization_KEY.cs
  artifactKey: Guid(82ffbf5729fca0f4d816929fad95ec2b) Importer(815301076,1909f56bfc062723c751e8b465ee728b)
Start importing Assets/LocalizationPackage/_Source/Localization_KEY.cs using Guid(82ffbf5729fca0f4d816929fad95ec2b) Importer(815301076,1909f56bfc062723c751e8b465ee728b)  -> (artifact id: '9800f90822f8daa2e0ef8611873166ee') in 0.031120 seconds 
========================================================================
Received Import Request.
  Time since last request: 31.937790 seconds.
  path: Assets/LocalizationPackage/_Source/Localization_SOURCE_Editor.cs
  artifactKey: Guid(41ca24d42310958418db40d637adf8c0) Importer(815301076,1909f56bfc062723c751e8b465ee728b)
Start importing Assets/LocalizationPackage/_Source/Localization_SOURCE_Editor.cs using Guid(41ca24d42310958418db40d637adf8c0) Importer(815301076,1909f56bfc062723c751e8b465ee728b)  -> (artifact id: 'cf9c659e447cf78856e19bcbcb5826c8') in 0.035025 seconds 
========================================================================
Received Import Request.
  Time since last request: 1.452376 seconds.
  path: Assets/LocalizationPackage/_Source/Localization_SOURCE_Window.cs
  artifactKey: Guid(8348d6fe606f92d41b77143a8e7bb28a) Importer(815301076,1909f56bfc062723c751e8b465ee728b)
Start importing Assets/LocalizationPackage/_Source/Localization_SOURCE_Window.cs using Guid(8348d6fe606f92d41b77143a8e7bb28a) Importer(815301076,1909f56bfc062723c751e8b465ee728b)  -> (artifact id: '6fa41231bb0ba0171dac596028d9edea') in 0.046947 seconds 
========================================================================
Received Import Request.
  Time since last request: 8307.878246 seconds.
  path: Assets/LocalizationPackage/_Source/Localization_SOURCE.cs
  artifactKey: Guid(9ada2622d5512f94599af1efea587a70) Importer(815301076,1909f56bfc062723c751e8b465ee728b)
Start importing Assets/LocalizationPackage/_Source/Localization_SOURCE.cs using Guid(9ada2622d5512f94599af1efea587a70) Importer(815301076,1909f56bfc062723c751e8b465ee728b)  -> (artifact id: 'ce3bf9fd0a07646028594057259b04d0') in 0.062784 seconds 
========================================================================
Received Import Request.
  Time since last request: 365.724126 seconds.
  path: Assets/LocalizationPackage
  artifactKey: Guid(67eb9d9d1d709e34e923798c5c9e7232) Importer(815301076,1909f56bfc062723c751e8b465ee728b)
Start importing Assets/LocalizationPackage using Guid(67eb9d9d1d709e34e923798c5c9e7232) Importer(815301076,1909f56bfc062723c751e8b465ee728b)  -> (artifact id: '67205a264cf537f6494d9a0c07a28f1a') in 0.019924 seconds 
========================================================================
Received Import Request.
  Time since last request: 82.526204 seconds.
  path: Assets/LocalizationPackage/_Example
  artifactKey: Guid(c18e2c98d5cec14419fc060e4cef516c) Importer(815301076,1909f56bfc062723c751e8b465ee728b)
Start importing Assets/LocalizationPackage/_Example using Guid(c18e2c98d5cec14419fc060e4cef516c) Importer(815301076,1909f56bfc062723c751e8b465ee728b)  -> (artifact id: 'f34900c5a3a6c6b01761be0c43d85710') in 0.044877 seconds 
